# Logfile created on 2019-03-16 18:02:46 +0900 by logger.rb/61378
  INFO ---------------------------------------------------------------------------
  INFO START 2019-03-16 18:02:46 +0900 cap production deploy
  INFO ---------------------------------------------------------------------------
 DEBUG [188e1144] Running [ -d $HOME/.rbenv/versions/2.3.1 ] as ec2-user@52.196.110.132
 DEBUG [188e1144] Command: [ -d $HOME/.rbenv/versions/2.3.1 ]
 DEBUG [78f22a09] Finished in 0.243 seconds with exit status 1 (failed).
  WARN rbenv: 2.3.1 is not installed or not found in $HOME/.rbenv/versions/2.3.1 on 52.196.110.132
  INFO ---------------------------------------------------------------------------
  INFO START 2019-03-16 18:05:00 +0900 cap production deploy
  INFO ---------------------------------------------------------------------------
 DEBUG [4b96fb8d] Running [ -d $HOME/.rbenv/versions/2.3.1 ] as ec2-user@52.196.110.132
 DEBUG [4b96fb8d] Command: [ -d $HOME/.rbenv/versions/2.3.1 ]
 DEBUG [79910f09] Finished in 0.252 seconds with exit status 1 (failed).
  WARN rbenv: 2.3.1 is not installed or not found in $HOME/.rbenv/versions/2.3.1 on 52.196.110.132
  INFO ---------------------------------------------------------------------------
  INFO START 2019-03-16 18:26:02 +0900 cap production deploy
  INFO ---------------------------------------------------------------------------
 DEBUG [4ccc508c] Running [ -d /home/your/.rbenv//versions/2.3.1 ] as ec2-user@52.196.110.132
 DEBUG [4ccc508c] Command: [ -d /home/your/.rbenv//versions/2.3.1 ]
 DEBUG [e97004e7] Finished in 0.547 seconds with exit status 1 (failed).
  WARN rbenv: 2.3.1 is not installed or not found in /home/your/.rbenv//versions/2.3.1 on 52.196.110.132
  INFO ---------------------------------------------------------------------------
  INFO START 2019-03-16 18:28:33 +0900 cap production deploy
  INFO ---------------------------------------------------------------------------
 DEBUG [77d438c4] Running [ -d /home/deploy/.rbenv//versions/2.3.1 ] as ec2-user@52.196.110.132
 DEBUG [77d438c4] Command: [ -d /home/deploy/.rbenv//versions/2.3.1 ]
 DEBUG [e5d5a337] Finished in 0.537 seconds with exit status 1 (failed).
  WARN rbenv: 2.3.1 is not installed or not found in /home/deploy/.rbenv//versions/2.3.1 on 52.196.110.132
  INFO ---------------------------------------------------------------------------
  INFO START 2019-03-16 18:28:46 +0900 cap production deploy
  INFO ---------------------------------------------------------------------------
 DEBUG [08baec7d] Running [ -d $HOME/.rbenv/versions/2.3.1 ] as ec2-user@52.196.110.132
 DEBUG [08baec7d] Command: [ -d $HOME/.rbenv/versions/2.3.1 ]
 DEBUG [7f2ce8a8] Finished in 0.232 seconds with exit status 1 (failed).
  WARN rbenv: 2.3.1 is not installed or not found in $HOME/.rbenv/versions/2.3.1 on 52.196.110.132
  INFO ---------------------------------------------------------------------------
  INFO START 2019-03-16 18:29:23 +0900 cap production deploy
  INFO ---------------------------------------------------------------------------
 DEBUG [6a3af9d7] Running [ -d $HOME/.rbenv/versions/2.5.1 ] as ec2-user@52.196.110.132
 DEBUG [6a3af9d7] Command: [ -d $HOME/.rbenv/versions/2.5.1 ]
 DEBUG [374f9da5] Finished in 0.222 seconds with exit status 0 (successful).
  INFO [185b8f29] Running /usr/bin/env mkdir -p /tmp as ec2-user@52.196.110.132
 DEBUG [185b8f29] Command: ( export RBENV_ROOT="$HOME/.rbenv" RBENV_VERSION="2.5.1" ; /usr/bin/env mkdir -p /tmp )
  INFO [6e1c0795] Finished in 0.081 seconds with exit status 0 (successful).
 DEBUG Uploading /tmp/git-ssh-chat-space2-production-k44.sh 0.0%
  INFO Uploading /tmp/git-ssh-chat-space2-production-k44.sh 100.0%
  INFO [f209b804] Running /usr/bin/env chmod 700 /tmp/git-ssh-chat-space2-production-k44.sh as ec2-user@52.196.110.132
 DEBUG [f209b804] Command: ( export RBENV_ROOT="$HOME/.rbenv" RBENV_VERSION="2.5.1" ; /usr/bin/env chmod 700 /tmp/git-ssh-chat-space2-production-k44.sh )
  INFO [f6525197] Finished in 0.094 seconds with exit status 0 (successful).
  INFO [399a1fcc] Running /usr/bin/env git ls-remote git@github.com:yotuba088/chat-space2.git HEAD as ec2-user@52.196.110.132
 DEBUG [399a1fcc] Command: ( export RBENV_ROOT="$HOME/.rbenv" RBENV_VERSION="2.5.1" GIT_ASKPASS="/bin/echo" GIT_SSH="/tmp/git-ssh-chat-space2-production-k44.sh" ; /usr/bin/env git ls-remote git@github.com:yotuba088/chat-space2.git HEAD )
 DEBUG [341ef8f6] 	d35d4e0da79a564d742e886e04629783b6b1fb2c	HEAD
  INFO [341ef8f6] Finished in 1.499 seconds with exit status 0 (successful).
  INFO [2fcae696] Running /usr/bin/env mkdir -p /var/www/chat-space2/shared /var/www/chat-space2/releases as ec2-user@52.196.110.132
 DEBUG [2fcae696] Command: ( export RBENV_ROOT="$HOME/.rbenv" RBENV_VERSION="2.5.1" ; /usr/bin/env mkdir -p /var/www/chat-space2/shared /var/www/chat-space2/releases )
  INFO [594ef2ba] Finished in 0.081 seconds with exit status 0 (successful).
  INFO [1ae1d5da] Running /usr/bin/env mkdir -p /var/www/chat-space2/shared/log /var/www/chat-space2/shared/tmp/pids /var/www/chat-space2/shared/tmp/cache /var/www/chat-space2/shared/tmp/sockets /var/www/chat-space2/shared/vendor/bundle /var/www/chat-space2/shared/public/system /var/www/chat-space2/shared/public/uploads /var/www/chat-space2/shared/public/assets as ec2-user@52.196.110.132
 DEBUG [1ae1d5da] Command: ( export RBENV_ROOT="$HOME/.rbenv" RBENV_VERSION="2.5.1" ; /usr/bin/env mkdir -p /var/www/chat-space2/shared/log /var/www/chat-space2/shared/tmp/pids /var/www/chat-space2/shared/tmp/cache /var/www/chat-space2/shared/tmp/sockets /var/www/chat-space2/shared/vendor/bundle /var/www/chat-space2/shared/public/system /var/www/chat-space2/shared/public/uploads /var/www/chat-space2/shared/public/assets )
  INFO [b62bd941] Finished in 0.083 seconds with exit status 0 (successful).
 DEBUG [c0de234e] Running [ -f /var/www/chat-space2/current/REVISION ] as ec2-user@52.196.110.132
 DEBUG [c0de234e] Command: [ -f /var/www/chat-space2/current/REVISION ]
 DEBUG [0b24beb9] Finished in 0.080 seconds with exit status 1 (failed).
 DEBUG [a14a16ee] Running [ -f /var/www/chat-space2/repo/HEAD ] as ec2-user@52.196.110.132
 DEBUG [a14a16ee] Command: [ -f /var/www/chat-space2/repo/HEAD ]
 DEBUG [29b4a2f0] Finished in 0.086 seconds with exit status 1 (failed).
 DEBUG [1785d7c1] Running if test ! -d /var/www/chat-space2; then echo "Directory does not exist '/var/www/chat-space2'" 1>&2; false; fi as ec2-user@52.196.110.132
 DEBUG [1785d7c1] Command: if test ! -d /var/www/chat-space2; then echo "Directory does not exist '/var/www/chat-space2'" 1>&2; false; fi
 DEBUG [7d90cfd0] Finished in 0.080 seconds with exit status 0 (successful).
  INFO [d98f1b61] Running /usr/bin/env git clone --mirror git@github.com:yotuba088/chat-space2.git /var/www/chat-space2/repo as ec2-user@52.196.110.132
 DEBUG [d98f1b61] Command: cd /var/www/chat-space2 && ( export RBENV_ROOT="$HOME/.rbenv" RBENV_VERSION="2.5.1" GIT_ASKPASS="/bin/echo" GIT_SSH="/tmp/git-ssh-chat-space2-production-k44.sh" ; /usr/bin/env git clone --mirror git@github.com:yotuba088/chat-space2.git /var/www/chat-space2/repo )
 DEBUG [88eff0b3] 	Cloning into bare repository '/var/www/chat-space2/repo'...
 DEBUG [88eff0b3] 	Warning: Permanently added the RSA host key for IP address '192.30.255.113' to the list of known hosts.
  INFO [88eff0b3] Finished in 6.196 seconds with exit status 0 (successful).
 DEBUG [1ee4548b] Running if test ! -d /var/www/chat-space2/repo; then echo "Directory does not exist '/var/www/chat-space2/repo'" 1>&2; false; fi as ec2-user@52.196.110.132
 DEBUG [1ee4548b] Command: if test ! -d /var/www/chat-space2/repo; then echo "Directory does not exist '/var/www/chat-space2/repo'" 1>&2; false; fi
 DEBUG [f722f9f6] Finished in 0.075 seconds with exit status 0 (successful).
  INFO [07e31a4f] Running /usr/bin/env git remote set-url origin git@github.com:yotuba088/chat-space2.git as ec2-user@52.196.110.132
 DEBUG [07e31a4f] Command: cd /var/www/chat-space2/repo && ( export RBENV_ROOT="$HOME/.rbenv" RBENV_VERSION="2.5.1" GIT_ASKPASS="/bin/echo" GIT_SSH="/tmp/git-ssh-chat-space2-production-k44.sh" ; /usr/bin/env git remote set-url origin git@github.com:yotuba088/chat-space2.git )
  INFO [40bbc23e] Finished in 0.085 seconds with exit status 0 (successful).
  INFO [77674072] Running /usr/bin/env git remote update --prune as ec2-user@52.196.110.132
 DEBUG [77674072] Command: cd /var/www/chat-space2/repo && ( export RBENV_ROOT="$HOME/.rbenv" RBENV_VERSION="2.5.1" GIT_ASKPASS="/bin/echo" GIT_SSH="/tmp/git-ssh-chat-space2-production-k44.sh" ; /usr/bin/env git remote update --prune )
 DEBUG [81371847] 	Fetching origin
  INFO [81371847] Finished in 1.310 seconds with exit status 0 (successful).
 DEBUG [22775989] Running if test ! -d /var/www/chat-space2/repo; then echo "Directory does not exist '/var/www/chat-space2/repo'" 1>&2; false; fi as ec2-user@52.196.110.132
 DEBUG [22775989] Command: if test ! -d /var/www/chat-space2/repo; then echo "Directory does not exist '/var/www/chat-space2/repo'" 1>&2; false; fi
 DEBUG [f63f6784] Finished in 0.074 seconds with exit status 0 (successful).
  INFO [b9dd0b42] Running /usr/bin/env mkdir -p /var/www/chat-space2/releases/20190316092926 as ec2-user@52.196.110.132
 DEBUG [b9dd0b42] Command: cd /var/www/chat-space2/repo && ( export RBENV_ROOT="$HOME/.rbenv" RBENV_VERSION="2.5.1" GIT_ASKPASS="/bin/echo" GIT_SSH="/tmp/git-ssh-chat-space2-production-k44.sh" ; /usr/bin/env mkdir -p /var/www/chat-space2/releases/20190316092926 )
  INFO [3c3c8129] Finished in 0.077 seconds with exit status 0 (successful).
  INFO [86357ec2] Running /usr/bin/env git archive master | /usr/bin/env tar -x -f - -C /var/www/chat-space2/releases/20190316092926 as ec2-user@52.196.110.132
 DEBUG [86357ec2] Command: cd /var/www/chat-space2/repo && ( export RBENV_ROOT="$HOME/.rbenv" RBENV_VERSION="2.5.1" GIT_ASKPASS="/bin/echo" GIT_SSH="/tmp/git-ssh-chat-space2-production-k44.sh" ; /usr/bin/env git archive master | /usr/bin/env tar -x -f - -C /var/www/chat-space2/releases/20190316092926 )
  INFO [aa0ee296] Finished in 0.545 seconds with exit status 0 (successful).
 DEBUG [d153b159] Running if test ! -d /var/www/chat-space2/repo; then echo "Directory does not exist '/var/www/chat-space2/repo'" 1>&2; false; fi as ec2-user@52.196.110.132
 DEBUG [d153b159] Command: if test ! -d /var/www/chat-space2/repo; then echo "Directory does not exist '/var/www/chat-space2/repo'" 1>&2; false; fi
 DEBUG [d6ba3657] Finished in 0.074 seconds with exit status 0 (successful).
 DEBUG [03b00fd2] Running /usr/bin/env git rev-list --max-count=1 master as ec2-user@52.196.110.132
 DEBUG [03b00fd2] Command: cd /var/www/chat-space2/repo && ( export RBENV_ROOT="$HOME/.rbenv" RBENV_VERSION="2.5.1" GIT_ASKPASS="/bin/echo" GIT_SSH="/tmp/git-ssh-chat-space2-production-k44.sh" ; /usr/bin/env git rev-list --max-count=1 master )
 DEBUG [d52565c7] 	2ce699bedd2c77ac4e8da4cff00d16ef8557c96f
 DEBUG [d52565c7] Finished in 0.094 seconds with exit status 0 (successful).
 DEBUG [c5c66b97] Running if test ! -d /var/www/chat-space2/releases/20190316092926; then echo "Directory does not exist '/var/www/chat-space2/releases/20190316092926'" 1>&2; false; fi as ec2-user@52.196.110.132
 DEBUG [c5c66b97] Command: if test ! -d /var/www/chat-space2/releases/20190316092926; then echo "Directory does not exist '/var/www/chat-space2/releases/20190316092926'" 1>&2; false; fi
 DEBUG [0ffd4006] Finished in 0.077 seconds with exit status 0 (successful).
  INFO [abc06476] Running /usr/bin/env echo "2ce699bedd2c77ac4e8da4cff00d16ef8557c96f" > REVISION as ec2-user@52.196.110.132
 DEBUG [abc06476] Command: cd /var/www/chat-space2/releases/20190316092926 && ( export RBENV_ROOT="$HOME/.rbenv" RBENV_VERSION="2.5.1" ; /usr/bin/env echo "2ce699bedd2c77ac4e8da4cff00d16ef8557c96f" > REVISION )
  INFO [e69c5253] Finished in 0.092 seconds with exit status 0 (successful).
  INFO [8046409f] Running /usr/bin/env mkdir -p /var/www/chat-space2/releases/20190316092926 /var/www/chat-space2/releases/20190316092926/tmp /var/www/chat-space2/releases/20190316092926/vendor /var/www/chat-space2/releases/20190316092926/public as ec2-user@52.196.110.132
 DEBUG [8046409f] Command: ( export RBENV_ROOT="$HOME/.rbenv" RBENV_VERSION="2.5.1" ; /usr/bin/env mkdir -p /var/www/chat-space2/releases/20190316092926 /var/www/chat-space2/releases/20190316092926/tmp /var/www/chat-space2/releases/20190316092926/vendor /var/www/chat-space2/releases/20190316092926/public )
  INFO [9074f8c0] Finished in 0.074 seconds with exit status 0 (successful).
 DEBUG [93c81492] Running [ -L /var/www/chat-space2/releases/20190316092926/log ] as ec2-user@52.196.110.132
 DEBUG [93c81492] Command: [ -L /var/www/chat-space2/releases/20190316092926/log ]
 DEBUG [f6752ebf] Finished in 0.087 seconds with exit status 1 (failed).
 DEBUG [005bc923] Running [ -d /var/www/chat-space2/releases/20190316092926/log ] as ec2-user@52.196.110.132
 DEBUG [005bc923] Command: [ -d /var/www/chat-space2/releases/20190316092926/log ]
 DEBUG [2b0660f3] Finished in 0.079 seconds with exit status 0 (successful).
  INFO [d29f1ae0] Running /usr/bin/env rm -rf /var/www/chat-space2/releases/20190316092926/log as ec2-user@52.196.110.132
 DEBUG [d29f1ae0] Command: ( export RBENV_ROOT="$HOME/.rbenv" RBENV_VERSION="2.5.1" ; /usr/bin/env rm -rf /var/www/chat-space2/releases/20190316092926/log )
  INFO [779fc569] Finished in 0.102 seconds with exit status 0 (successful).
  INFO [c00b2971] Running /usr/bin/env ln -s /var/www/chat-space2/shared/log /var/www/chat-space2/releases/20190316092926/log as ec2-user@52.196.110.132
 DEBUG [c00b2971] Command: ( export RBENV_ROOT="$HOME/.rbenv" RBENV_VERSION="2.5.1" ; /usr/bin/env ln -s /var/www/chat-space2/shared/log /var/www/chat-space2/releases/20190316092926/log )
  INFO [98f5dcbb] Finished in 0.081 seconds with exit status 0 (successful).
 DEBUG [f1fbd01c] Running [ -L /var/www/chat-space2/releases/20190316092926/tmp/pids ] as ec2-user@52.196.110.132
 DEBUG [f1fbd01c] Command: [ -L /var/www/chat-space2/releases/20190316092926/tmp/pids ]
 DEBUG [d3bb8589] Finished in 0.077 seconds with exit status 1 (failed).
 DEBUG [24de04fb] Running [ -d /var/www/chat-space2/releases/20190316092926/tmp/pids ] as ec2-user@52.196.110.132
 DEBUG [24de04fb] Command: [ -d /var/www/chat-space2/releases/20190316092926/tmp/pids ]
 DEBUG [5ad52944] Finished in 0.076 seconds with exit status 1 (failed).
  INFO [e8664013] Running /usr/bin/env ln -s /var/www/chat-space2/shared/tmp/pids /var/www/chat-space2/releases/20190316092926/tmp/pids as ec2-user@52.196.110.132
 DEBUG [e8664013] Command: ( export RBENV_ROOT="$HOME/.rbenv" RBENV_VERSION="2.5.1" ; /usr/bin/env ln -s /var/www/chat-space2/shared/tmp/pids /var/www/chat-space2/releases/20190316092926/tmp/pids )
  INFO [5b8f5677] Finished in 0.080 seconds with exit status 0 (successful).
 DEBUG [fa9567ba] Running [ -L /var/www/chat-space2/releases/20190316092926/tmp/cache ] as ec2-user@52.196.110.132
 DEBUG [fa9567ba] Command: [ -L /var/www/chat-space2/releases/20190316092926/tmp/cache ]
 DEBUG [41a1a027] Finished in 0.074 seconds with exit status 1 (failed).
 DEBUG [e40d8aea] Running [ -d /var/www/chat-space2/releases/20190316092926/tmp/cache ] as ec2-user@52.196.110.132
 DEBUG [e40d8aea] Command: [ -d /var/www/chat-space2/releases/20190316092926/tmp/cache ]
 DEBUG [0d7a02f5] Finished in 0.075 seconds with exit status 0 (successful).
  INFO [9ebd4693] Running /usr/bin/env rm -rf /var/www/chat-space2/releases/20190316092926/tmp/cache as ec2-user@52.196.110.132
 DEBUG [9ebd4693] Command: ( export RBENV_ROOT="$HOME/.rbenv" RBENV_VERSION="2.5.1" ; /usr/bin/env rm -rf /var/www/chat-space2/releases/20190316092926/tmp/cache )
  INFO [054b2af9] Finished in 0.123 seconds with exit status 0 (successful).
  INFO [eff429af] Running /usr/bin/env ln -s /var/www/chat-space2/shared/tmp/cache /var/www/chat-space2/releases/20190316092926/tmp/cache as ec2-user@52.196.110.132
 DEBUG [eff429af] Command: ( export RBENV_ROOT="$HOME/.rbenv" RBENV_VERSION="2.5.1" ; /usr/bin/env ln -s /var/www/chat-space2/shared/tmp/cache /var/www/chat-space2/releases/20190316092926/tmp/cache )
  INFO [ff9009d3] Finished in 0.079 seconds with exit status 0 (successful).
 DEBUG [e6b3e6c8] Running [ -L /var/www/chat-space2/releases/20190316092926/tmp/sockets ] as ec2-user@52.196.110.132
 DEBUG [e6b3e6c8] Command: [ -L /var/www/chat-space2/releases/20190316092926/tmp/sockets ]
 DEBUG [ed500780] Finished in 0.084 seconds with exit status 1 (failed).
 DEBUG [11f2c60e] Running [ -d /var/www/chat-space2/releases/20190316092926/tmp/sockets ] as ec2-user@52.196.110.132
 DEBUG [11f2c60e] Command: [ -d /var/www/chat-space2/releases/20190316092926/tmp/sockets ]
 DEBUG [95d6099c] Finished in 0.080 seconds with exit status 1 (failed).
  INFO [30bf895e] Running /usr/bin/env ln -s /var/www/chat-space2/shared/tmp/sockets /var/www/chat-space2/releases/20190316092926/tmp/sockets as ec2-user@52.196.110.132
 DEBUG [30bf895e] Command: ( export RBENV_ROOT="$HOME/.rbenv" RBENV_VERSION="2.5.1" ; /usr/bin/env ln -s /var/www/chat-space2/shared/tmp/sockets /var/www/chat-space2/releases/20190316092926/tmp/sockets )
  INFO [576f2a21] Finished in 0.079 seconds with exit status 0 (successful).
 DEBUG [9e39bbc4] Running [ -L /var/www/chat-space2/releases/20190316092926/vendor/bundle ] as ec2-user@52.196.110.132
 DEBUG [9e39bbc4] Command: [ -L /var/www/chat-space2/releases/20190316092926/vendor/bundle ]
 DEBUG [89e88d96] Finished in 0.081 seconds with exit status 1 (failed).
 DEBUG [ea3e1b02] Running [ -d /var/www/chat-space2/releases/20190316092926/vendor/bundle ] as ec2-user@52.196.110.132
 DEBUG [ea3e1b02] Command: [ -d /var/www/chat-space2/releases/20190316092926/vendor/bundle ]
 DEBUG [92e92c78] Finished in 0.077 seconds with exit status 1 (failed).
  INFO [8aa7b912] Running /usr/bin/env ln -s /var/www/chat-space2/shared/vendor/bundle /var/www/chat-space2/releases/20190316092926/vendor/bundle as ec2-user@52.196.110.132
 DEBUG [8aa7b912] Command: ( export RBENV_ROOT="$HOME/.rbenv" RBENV_VERSION="2.5.1" ; /usr/bin/env ln -s /var/www/chat-space2/shared/vendor/bundle /var/www/chat-space2/releases/20190316092926/vendor/bundle )
  INFO [b0876fe7] Finished in 0.075 seconds with exit status 0 (successful).
 DEBUG [00af6479] Running [ -L /var/www/chat-space2/releases/20190316092926/public/system ] as ec2-user@52.196.110.132
 DEBUG [00af6479] Command: [ -L /var/www/chat-space2/releases/20190316092926/public/system ]
 DEBUG [8f25f369] Finished in 0.075 seconds with exit status 1 (failed).
 DEBUG [93045b3d] Running [ -d /var/www/chat-space2/releases/20190316092926/public/system ] as ec2-user@52.196.110.132
 DEBUG [93045b3d] Command: [ -d /var/www/chat-space2/releases/20190316092926/public/system ]
 DEBUG [54f4517a] Finished in 0.076 seconds with exit status 1 (failed).
  INFO [1b593768] Running /usr/bin/env ln -s /var/www/chat-space2/shared/public/system /var/www/chat-space2/releases/20190316092926/public/system as ec2-user@52.196.110.132
 DEBUG [1b593768] Command: ( export RBENV_ROOT="$HOME/.rbenv" RBENV_VERSION="2.5.1" ; /usr/bin/env ln -s /var/www/chat-space2/shared/public/system /var/www/chat-space2/releases/20190316092926/public/system )
  INFO [e7d9420a] Finished in 0.082 seconds with exit status 0 (successful).
 DEBUG [1f6bfb35] Running [ -L /var/www/chat-space2/releases/20190316092926/public/uploads ] as ec2-user@52.196.110.132
 DEBUG [1f6bfb35] Command: [ -L /var/www/chat-space2/releases/20190316092926/public/uploads ]
 DEBUG [386a7bb1] Finished in 0.074 seconds with exit status 1 (failed).
 DEBUG [25a3b6dc] Running [ -d /var/www/chat-space2/releases/20190316092926/public/uploads ] as ec2-user@52.196.110.132
 DEBUG [25a3b6dc] Command: [ -d /var/www/chat-space2/releases/20190316092926/public/uploads ]
 DEBUG [f48a23f4] Finished in 0.083 seconds with exit status 0 (successful).
  INFO [8884ce62] Running /usr/bin/env rm -rf /var/www/chat-space2/releases/20190316092926/public/uploads as ec2-user@52.196.110.132
 DEBUG [8884ce62] Command: ( export RBENV_ROOT="$HOME/.rbenv" RBENV_VERSION="2.5.1" ; /usr/bin/env rm -rf /var/www/chat-space2/releases/20190316092926/public/uploads )
  INFO [b98f858d] Finished in 0.077 seconds with exit status 0 (successful).
  INFO [d7d7bf69] Running /usr/bin/env ln -s /var/www/chat-space2/shared/public/uploads /var/www/chat-space2/releases/20190316092926/public/uploads as ec2-user@52.196.110.132
 DEBUG [d7d7bf69] Command: ( export RBENV_ROOT="$HOME/.rbenv" RBENV_VERSION="2.5.1" ; /usr/bin/env ln -s /var/www/chat-space2/shared/public/uploads /var/www/chat-space2/releases/20190316092926/public/uploads )
  INFO [7f3e16b8] Finished in 0.085 seconds with exit status 0 (successful).
 DEBUG [e384528b] Running [ -L /var/www/chat-space2/releases/20190316092926/public/assets ] as ec2-user@52.196.110.132
 DEBUG [e384528b] Command: [ -L /var/www/chat-space2/releases/20190316092926/public/assets ]
 DEBUG [e3438f60] Finished in 0.074 seconds with exit status 1 (failed).
 DEBUG [58874622] Running [ -d /var/www/chat-space2/releases/20190316092926/public/assets ] as ec2-user@52.196.110.132
 DEBUG [58874622] Command: [ -d /var/www/chat-space2/releases/20190316092926/public/assets ]
 DEBUG [12ed3c9e] Finished in 0.076 seconds with exit status 1 (failed).
  INFO [eb38d081] Running /usr/bin/env ln -s /var/www/chat-space2/shared/public/assets /var/www/chat-space2/releases/20190316092926/public/assets as ec2-user@52.196.110.132
 DEBUG [eb38d081] Command: ( export RBENV_ROOT="$HOME/.rbenv" RBENV_VERSION="2.5.1" ; /usr/bin/env ln -s /var/www/chat-space2/shared/public/assets /var/www/chat-space2/releases/20190316092926/public/assets )
  INFO [3217e64d] Finished in 0.089 seconds with exit status 0 (successful).
 DEBUG [9b780132] Running if test ! -d /var/www/chat-space2/releases/20190316092926; then echo "Directory does not exist '/var/www/chat-space2/releases/20190316092926'" 1>&2; false; fi as ec2-user@52.196.110.132
 DEBUG [9b780132] Command: if test ! -d /var/www/chat-space2/releases/20190316092926; then echo "Directory does not exist '/var/www/chat-space2/releases/20190316092926'" 1>&2; false; fi
 DEBUG [3ed16d7f] Finished in 0.077 seconds with exit status 0 (successful).
 DEBUG [355f12e4] Running $HOME/.rbenv/bin/rbenv exec bundle check --path /var/www/chat-space2/shared/bundle as ec2-user@52.196.110.132
 DEBUG [355f12e4] Command: cd /var/www/chat-space2/releases/20190316092926 && ( export RBENV_ROOT="$HOME/.rbenv" RBENV_VERSION="2.5.1" ; $HOME/.rbenv/bin/rbenv exec bundle check --path /var/www/chat-space2/shared/bundle )
 DEBUG [7abcc758] 	Your Gemfile lists the gem devise (>= 0) more than once.
You should probably keep only one of them.
Remove any duplicate entries and specify the gem only once (per group).
While it's not a problem now, it could cause errors if you change the version of one of them later.
 DEBUG [7abcc758] 	The dependency tzinfo-data (>= 0) will be unused by any of the platforms Bundler is installing for. Bundler is installing for ruby but the dependency is only for x86-mingw32, x86-mswin32, x64-mingw32, java. To add those platforms to the bundle, run `bundle lock --add-platform x86-mingw32 x86-mswin32 x64-mingw32 java`.
 DEBUG [7abcc758] 	The following gems are missing
 DEBUG [7abcc758] 	 * rake (12.3.2)
 DEBUG [7abcc758] 	 * concurrent-ruby (1.1.4)
 DEBUG [7abcc758] 	 * i18n (1.6.0)
 DEBUG [7abcc758] 	 * minitest (5.11.3)
 DEBUG [7abcc758] 	 * thread_safe (0.3.6)
 DEBUG [7abcc758] 	 * tzinfo (1.2.5)
 DEBUG [7abcc758] 	 * activesupport (5.2.2)
 DEBUG [7abcc758] 	 * builder (3.2.3)
 DEBUG [7abcc758] 	 * erubi (1.8.0)
 DEBUG [7abcc758] 	 * mini_portile2 (2.4.0)
 DEBUG [7abcc758] 	 * nokogiri (1.10.1)
 DEBUG [7abcc758] 	 * rails-dom-testing (2.0.3)
 DEBUG [7abcc758] 	 * crass (1.0.4)
 DEBUG [7abcc758] 	 * loofah (2.2.3)
 DEBUG [7abcc758] 	 * rails-html-sanitizer (1.0.4)
 DEBUG [7abcc758] 	 * actionview (5.2.2)
 DEBUG [7abcc758] 	 * rack (2.0.6)
 DEBUG [7abcc758] 	 * rack-test (1.1.0)
 DEBUG [7abcc758] 	 * actionpack (5.2.2)
 DEBUG [7abcc758] 	 * nio4r (2.3.1)
 DEBUG [7abcc758] 	 * websocket-extensions (0.1.3)
 DEBUG [7abcc758] 	 * websocket-driver (0.7.0)
 DEBUG [7abcc758] 	 * actioncable (5.2.2)
 DEBUG [7abcc758] 	 * globalid (0.4.2)
 DEBUG [7abcc758] 	 * activejob (5.2.2)
 DEBUG [7abcc758] 	 * mini_mime (1.0.1)
 DEBUG [7abcc758] 	 * mail (2.7.1)
 DEBUG [7abcc758] 	 * actionmailer (5.2.2)
 DEBUG [7abcc758] 	 * activemodel (5.2.2)
 DEBUG [7abcc758] 	 * arel (9.0.0)
 DEBUG [7abcc758] 	 * activerecord (5.2.2)
 DEBUG [7abcc758] 	 * mimemagic (0.3.3)
 DEBUG [7abcc758] 	 * marcel (0.3.3)
 DEBUG [7abcc758] 	 * activestorage (5.2.2)
 DEBUG [7abcc758] 	 * public_suffix (3.0.3)
 DEBUG [7abcc758] 	 * addressable (2.6.0)
 DEBUG [7abcc758] 	 * net-ssh (5.2.0)
 DEBUG [7abcc758] 	 * net-scp (1.2.1)
 DEBUG [7abcc758] 	 * sshkit (1.18.2)
 DEBUG [7abcc758] 	 * airbrussh (1.3.1)
 DEBUG [7abcc758] 	 * io-like (0.3.0)
 DEBUG [7abcc758] 	 * archive-zip (0.12.0)
 DEBUG [7abcc758] 	 * bcrypt (3.1.12)
 DEBUG [7abcc758] 	 * bindex (0.5.0)
 DEBUG [7abcc758] 	 * msgpack (1.2.7)
 DEBUG [7abcc758] 	 * bootsnap (1.4.1)
 DEBUG [7abcc758] 	 * byebug (11.0.0)
 DEBUG [7abcc758] 	 * capistrano (3.11.0)
 DEBUG [7abcc758] 	 * capistrano-bundler (1.5.0)
 DEBUG [7abcc758] 	 * capistrano-rails (1.4.0)
 DEBUG [7abcc758] 	 * capistrano-rbenv (2.1.4)
 DEBUG [7abcc758] 	 * capistrano3-unicorn (0.2.1)
 DEBUG [7abcc758] 	 * regexp_parser (1.3.0)
 DEBUG [7abcc758] 	 * xpath (3.2.0)
 DEBUG [7abcc758] 	 * capybara (3.14.0)
 DEBUG [7abcc758] 	 * mime-types-data (3.2018.0812)
 DEBUG [7abcc758] 	 * mime-types (3.2.2)
 DEBUG [7abcc758] 	 * carrierwave (1.3.1)
 DEBUG [7abcc758] 	 * ffi (1.10.0)
 DEBUG [7abcc758] 	 * childprocess (0.9.0)
 DEBUG [7abcc758] 	 * chromedriver-helper (2.1.0)
 DEBUG [7abcc758] 	 * chunky_png (1.3.11)
 DEBUG [7abcc758] 	 * coderay (1.1.2)
 DEBUG [7abcc758] 	 * coffee-script-source (1.12.2)
 DEBUG [7abcc758] 	 * execjs (2.7.0)
 DEBUG [7abcc758] 	 * coffee-script (2.4.1)
 DEBUG [7abcc758] 	 * method_source (0.9.2)
 DEBUG [7abcc758] 	 * thor (0.20.3)
 DEBUG [7abcc758] 	 * railties (5.2.2)
 DEBUG [7abcc758] 	 * coffee-rails (4.2.2)
 DEBUG [7abcc758] 	 * multi_json (1.13.1)
 DEBUG [7abcc758] 	 * sass (3.4.25)
 DEBUG [7abcc758] 	 * compass-core (1.0.3)
 DEBUG [7abcc758] 	 * compass-import-once (1.0.5)
 DEBUG [7abcc758] 	 * rb-fsevent (0.10.3)
 DEBUG [7abcc758] 	 * rb-inotify (0.10.0)
 DEBUG [7abcc758] 	 * compass (1.0.3)
 DEBUG [7abcc758] 	 * sprockets (3.7.2)
 DEBUG [7abcc758] 	 * sprockets-rails (3.2.1)
 DEBUG [7abcc758] 	 * tilt (2.0.9)
 DEBUG [7abcc758] 	 * sass-rails (5.0.7)
 DEBUG [7abcc758] 	 * compass-rails (3.1.0)
 DEBUG [7abcc758] 	 * orm_adapter (0.5.0)
 DEBUG [7abcc758] 	 * responders (2.4.1)
 DEBUG [7abcc758] 	 * warden (1.2.8)
 DEBUG [7abcc758] 	 * devise (4.6.1)
 DEBUG [7abcc758] 	 * diff-lcs (1.3)
 DEBUG [7abcc758] 	 * erubis (2.7.0)
 DEBUG [7abcc758] 	 * temple (0.8.1)
 DEBUG [7abcc758] 	 * haml (5.0.4)
 DEBUG [7abcc758] 	 * sexp_processor (4.11.0)
 DEBUG [7abcc758] 	 * ruby_parser (3.12.0)
 DEBUG [7abcc758] 	 * html2haml (2.2.0)
 DEBUG [7abcc758] 	 * erb2haml (0.1.5)
 DEBUG [7abcc758] 	 * factory_bot (5.0.2)
 DEBUG [7abcc758] 	 * factory_bot_rails (5.0.1)
 DEBUG [7abcc758] 	 * font-awesome-rails (4.7.0.4)
 DEBUG [7abcc758] 	 * haml-rails (1.0.0)
 DEBUG [7abcc758] 	 * jbuilder (2.8.0)
 DEBUG [7abcc758] 	 * jquery-rails (4.3.3)
 DEBUG [7abcc758] 	 * kaminari-core (1.1.1)
 DEBUG [7abcc758] 	 * kaminari-actionview (1.1.1)
 DEBUG [7abcc758] 	 * kaminari-activerecord (1.1.1)
 DEBUG [7abcc758] 	 * kaminari (1.1.1)
 DEBUG [7abcc758] 	 * kgio (2.11.2)
 DEBUG [7abcc758] 	 * ruby_dep (1.5.0)
 DEBUG [7abcc758] 	 * listen (3.1.5)
 DEBUG [7abcc758] 	 * mini_magick (4.9.3)
 DEBUG [7abcc758] 	 * mysql2 (0.5.2)
 DEBUG [7abcc758] 	 * pry (0.12.2)
 DEBUG [7abcc758] 	 * pry-rails (0.3.9)
 DEBUG [7abcc758] 	 * puma (3.12.0)
 DEBUG [7abcc758] 	 * rails (5.2.2)
 DEBUG [7abcc758] 	 * rails-controller-testing (1.0.4)
 DEBUG [7abcc758] 	 * raindrops (0.19.0)
 DEBUG [7abcc758] 	 * rspec-support (3.8.0)
 DEBUG [7abcc758] 	 * rspec-core (3.8.0)
 DEBUG [7abcc758] 	 * rspec-expectations (3.8.2)
 DEBUG [7abcc758] 	 * rspec-mocks (3.8.0)
 DEBUG [7abcc758] 	 * rspec-rails (3.8.2)
 DEBUG [7abcc758] 	 * rubyzip (1.2.2)
 DEBUG [7abcc758] 	 * selenium-webdriver (3.141.0)
 DEBUG [7abcc758] 	 * spring (2.0.2)
 DEBUG [7abcc758] 	 * spring-watcher-listen (2.0.1)
 DEBUG [7abcc758] 	 * turbolinks-source (5.2.0)
 DEBUG [7abcc758] 	 * turbolinks (5.2.0)
 DEBUG [7abcc758] 	 * uglifier (4.1.20)
 DEBUG [7abcc758] 	 * unicorn (5.4.1)
 DEBUG [7abcc758] 	 * web-console (3.7.0)
 DEBUG [7abcc758] 	Install missing gems with `bundle install`
 DEBUG [7abcc758] Finished in 0.390 seconds with exit status 1 (failed).
  INFO [9d97f34b] Running $HOME/.rbenv/bin/rbenv exec bundle install --path /var/www/chat-space2/shared/bundle --jobs 4 --without development test --deployment --quiet as ec2-user@52.196.110.132
 DEBUG [9d97f34b] Command: cd /var/www/chat-space2/releases/20190316092926 && ( export RBENV_ROOT="$HOME/.rbenv" RBENV_VERSION="2.5.1" ; $HOME/.rbenv/bin/rbenv exec bundle install --path /var/www/chat-space2/shared/bundle --jobs 4 --without development test --deployment --quiet )
