Started GET "/" for 127.0.0.1 at 2019-03-02 20:59:57 +0900
  [1m[35m (1.0ms)[0m  [1m[35mSET NAMES utf8,  @@SESSION.sql_mode = CONCAT(CONCAT(@@sql_mode, ',STRICT_ALL_TABLES'), ',NO_AUTO_VALUE_ON_ZERO'),  @@SESSION.sql_auto_is_null = 0, @@SESSION.wait_timeout = 2147483[0m
  â†³ /Users/k44/.rbenv/versions/2.5.1/lib/ruby/gems/2.5.0/gems/activerecord-5.2.2/lib/active_record/log_subscriber.rb:98
  [1m[35m (0.4ms)[0m  [1m[34mSELECT `schema_migrations`.`version` FROM `schema_migrations` ORDER BY `schema_migrations`.`version` ASC[0m
  â†³ /Users/k44/.rbenv/versions/2.5.1/lib/ruby/gems/2.5.0/gems/activerecord-5.2.2/lib/active_record/log_subscriber.rb:98
Processing by MessagesController#index as HTML
  [1m[36mUser Load (0.5ms)[0m  [1m[34mSELECT  `users`.* FROM `users` WHERE `users`.`id` = 7 ORDER BY `users`.`id` ASC LIMIT 1[0m
  â†³ /Users/k44/.rbenv/versions/2.5.1/lib/ruby/gems/2.5.0/gems/activerecord-5.2.2/lib/active_record/log_subscriber.rb:98
  Rendering messages/index.haml within layouts/application
  Rendered messages/index.haml within layouts/application (32.0ms)
Completed 200 OK in 982ms (Views: 921.4ms | ActiveRecord: 5.0ms)


Started GET "/message_controller.scss" for 127.0.0.1 at 2019-03-02 20:59:58 +0900
  [1m[35m (1.7ms)[0m  [1m[35mSET NAMES utf8,  @@SESSION.sql_mode = CONCAT(CONCAT(@@sql_mode, ',STRICT_ALL_TABLES'), ',NO_AUTO_VALUE_ON_ZERO'),  @@SESSION.sql_auto_is_null = 0, @@SESSION.wait_timeout = 2147483[0m
  â†³ /Users/k44/.rbenv/versions/2.5.1/lib/ruby/gems/2.5.0/gems/activerecord-5.2.2/lib/active_record/log_subscriber.rb:98
  
ActionController::RoutingError (No route matches [GET] "/message_controller.scss"):
  
actionpack (5.2.2) lib/action_dispatch/middleware/debug_exceptions.rb:65:in `call'
web-console (3.7.0) lib/web_console/middleware.rb:135:in `call_app'
web-console (3.7.0) lib/web_console/middleware.rb:30:in `block in call'
web-console (3.7.0) lib/web_console/middleware.rb:20:in `catch'
web-console (3.7.0) lib/web_console/middleware.rb:20:in `call'
actionpack (5.2.2) lib/action_dispatch/middleware/show_exceptions.rb:33:in `call'
railties (5.2.2) lib/rails/rack/logger.rb:38:in `call_app'
railties (5.2.2) lib/rails/rack/logger.rb:26:in `block in call'
activesupport (5.2.2) lib/active_support/tagged_logging.rb:71:in `block in tagged'
activesupport (5.2.2) lib/active_support/tagged_logging.rb:28:in `tagged'
activesupport (5.2.2) lib/active_support/tagged_logging.rb:71:in `tagged'
railties (5.2.2) lib/rails/rack/logger.rb:26:in `call'
sprockets-rails (3.2.1) lib/sprockets/rails/quiet_assets.rb:13:in `call'
actionpack (5.2.2) lib/action_dispatch/middleware/remote_ip.rb:81:in `call'
actionpack (5.2.2) lib/action_dispatch/middleware/request_id.rb:27:in `call'
rack (2.0.6) lib/rack/method_override.rb:22:in `call'
rack (2.0.6) lib/rack/runtime.rb:22:in `call'
activesupport (5.2.2) lib/active_support/cache/strategy/local_cache_middleware.rb:29:in `call'
actionpack (5.2.2) lib/action_dispatch/middleware/executor.rb:14:in `call'
actionpack (5.2.2) lib/action_dispatch/middleware/static.rb:127:in `call'
rack (2.0.6) lib/rack/sendfile.rb:111:in `call'
railties (5.2.2) lib/rails/engine.rb:524:in `call'
puma (3.12.0) lib/puma/configuration.rb:225:in `call'
puma (3.12.0) lib/puma/server.rb:658:in `handle_request'
puma (3.12.0) lib/puma/server.rb:472:in `process_client'
puma (3.12.0) lib/puma/server.rb:332:in `block in run'
puma (3.12.0) lib/puma/thread_pool.rb:133:in `block in spawn_thread'
Started GET "/" for 127.0.0.1 at 2019-03-02 21:00:02 +0900
Processing by MessagesController#index as HTML
  [1m[36mUser Load (0.4ms)[0m  [1m[34mSELECT  `users`.* FROM `users` WHERE `users`.`id` = 7 ORDER BY `users`.`id` ASC LIMIT 1[0m
  â†³ /Users/k44/.rbenv/versions/2.5.1/lib/ruby/gems/2.5.0/gems/activerecord-5.2.2/lib/active_record/log_subscriber.rb:98
  Rendering messages/index.haml within layouts/application
  Rendered messages/index.haml within layouts/application (14.7ms)
Completed 200 OK in 61ms (Views: 47.9ms | ActiveRecord: 7.1ms)


Started GET "/message_controller.scss" for 127.0.0.1 at 2019-03-02 21:00:02 +0900
  
ActionController::RoutingError (No route matches [GET] "/message_controller.scss"):
  
actionpack (5.2.2) lib/action_dispatch/middleware/debug_exceptions.rb:65:in `call'
web-console (3.7.0) lib/web_console/middleware.rb:135:in `call_app'
web-console (3.7.0) lib/web_console/middleware.rb:30:in `block in call'
web-console (3.7.0) lib/web_console/middleware.rb:20:in `catch'
web-console (3.7.0) lib/web_console/middleware.rb:20:in `call'
actionpack (5.2.2) lib/action_dispatch/middleware/show_exceptions.rb:33:in `call'
railties (5.2.2) lib/rails/rack/logger.rb:38:in `call_app'
railties (5.2.2) lib/rails/rack/logger.rb:26:in `block in call'
activesupport (5.2.2) lib/active_support/tagged_logging.rb:71:in `block in tagged'
activesupport (5.2.2) lib/active_support/tagged_logging.rb:28:in `tagged'
activesupport (5.2.2) lib/active_support/tagged_logging.rb:71:in `tagged'
railties (5.2.2) lib/rails/rack/logger.rb:26:in `call'
sprockets-rails (3.2.1) lib/sprockets/rails/quiet_assets.rb:13:in `call'
actionpack (5.2.2) lib/action_dispatch/middleware/remote_ip.rb:81:in `call'
actionpack (5.2.2) lib/action_dispatch/middleware/request_id.rb:27:in `call'
rack (2.0.6) lib/rack/method_override.rb:22:in `call'
rack (2.0.6) lib/rack/runtime.rb:22:in `call'
activesupport (5.2.2) lib/active_support/cache/strategy/local_cache_middleware.rb:29:in `call'
actionpack (5.2.2) lib/action_dispatch/middleware/executor.rb:14:in `call'
actionpack (5.2.2) lib/action_dispatch/middleware/static.rb:127:in `call'
rack (2.0.6) lib/rack/sendfile.rb:111:in `call'
railties (5.2.2) lib/rails/engine.rb:524:in `call'
puma (3.12.0) lib/puma/configuration.rb:225:in `call'
puma (3.12.0) lib/puma/server.rb:658:in `handle_request'
puma (3.12.0) lib/puma/server.rb:472:in `process_client'
puma (3.12.0) lib/puma/server.rb:332:in `block in run'
puma (3.12.0) lib/puma/thread_pool.rb:133:in `block in spawn_thread'
Started GET "/" for 127.0.0.1 at 2019-03-02 21:00:03 +0900
Started GET "/message_controller.scss" for 127.0.0.1 at 2019-03-02 21:00:03 +0900
Processing by MessagesController#index as HTML
  
ActionController::RoutingError (No route matches [GET] "/message_controller.scss"):
  
actionpack (5.2.2) lib/action_dispatch/middleware/debug_exceptions.rb:65:in `call'
web-console (3.7.0) lib/web_console/middleware.rb:135:in `call_app'
web-console (3.7.0) lib/web_console/middleware.rb:30:in `block in call'
web-console (3.7.0) lib/web_console/middleware.rb:20:in `catch'
web-console (3.7.0) lib/web_console/middleware.rb:20:in `call'
actionpack (5.2.2) lib/action_dispatch/middleware/show_exceptions.rb:33:in `call'
railties (5.2.2) lib/rails/rack/logger.rb:38:in `call_app'
railties (5.2.2) lib/rails/rack/logger.rb:26:in `block in call'
activesupport (5.2.2) lib/active_support/tagged_logging.rb:71:in `block in tagged'
activesupport (5.2.2) lib/active_support/tagged_logging.rb:28:in `tagged'
activesupport (5.2.2) lib/active_support/tagged_logging.rb:71:in `tagged'
railties (5.2.2) lib/rails/rack/logger.rb:26:in `call'
sprockets-rails (3.2.1) lib/sprockets/rails/quiet_assets.rb:13:in `call'
actionpack (5.2.2) lib/action_dispatch/middleware/remote_ip.rb:81:in `call'
actionpack (5.2.2) lib/action_dispatch/middleware/request_id.rb:27:in `call'
rack (2.0.6) lib/rack/method_override.rb:22:in `call'
rack (2.0.6) lib/rack/runtime.rb:22:in `call'
activesupport (5.2.2) lib/active_support/cache/strategy/local_cache_middleware.rb:29:in `call'
actionpack (5.2.2) lib/action_dispatch/middleware/executor.rb:14:in `call'
actionpack (5.2.2) lib/action_dispatch/middleware/static.rb:127:in `call'
rack (2.0.6) lib/rack/sendfile.rb:111:in `call'
railties (5.2.2) lib/rails/engine.rb:524:in `call'
puma (3.12.0) lib/puma/configuration.rb:225:in `call'
puma (3.12.0) lib/puma/server.rb:658:in `handle_request'
puma (3.12.0) lib/puma/server.rb:472:in `process_client'
puma (3.12.0) lib/puma/server.rb:332:in `block in run'
puma (3.12.0) lib/puma/thread_pool.rb:133:in `block in spawn_thread'
  [1m[36mUser Load (11.6ms)[0m  [1m[34mSELECT  `users`.* FROM `users` WHERE `users`.`id` = 7 ORDER BY `users`.`id` ASC LIMIT 1[0m
  â†³ /Users/k44/.rbenv/versions/2.5.1/lib/ruby/gems/2.5.0/gems/activerecord-5.2.2/lib/active_record/log_subscriber.rb:98
  Rendering messages/index.haml within layouts/application
  Rendered messages/index.haml within layouts/application (13.4ms)
Completed 200 OK in 714ms (Views: 696.1ms | ActiveRecord: 11.6ms)


Started GET "/message_controller.scss" for 127.0.0.1 at 2019-03-02 21:00:04 +0900
  
ActionController::RoutingError (No route matches [GET] "/message_controller.scss"):
  
actionpack (5.2.2) lib/action_dispatch/middleware/debug_exceptions.rb:65:in `call'
web-console (3.7.0) lib/web_console/middleware.rb:135:in `call_app'
web-console (3.7.0) lib/web_console/middleware.rb:30:in `block in call'
web-console (3.7.0) lib/web_console/middleware.rb:20:in `catch'
web-console (3.7.0) lib/web_console/middleware.rb:20:in `call'
actionpack (5.2.2) lib/action_dispatch/middleware/show_exceptions.rb:33:in `call'
railties (5.2.2) lib/rails/rack/logger.rb:38:in `call_app'
railties (5.2.2) lib/rails/rack/logger.rb:26:in `block in call'
activesupport (5.2.2) lib/active_support/tagged_logging.rb:71:in `block in tagged'
activesupport (5.2.2) lib/active_support/tagged_logging.rb:28:in `tagged'
activesupport (5.2.2) lib/active_support/tagged_logging.rb:71:in `tagged'
railties (5.2.2) lib/rails/rack/logger.rb:26:in `call'
sprockets-rails (3.2.1) lib/sprockets/rails/quiet_assets.rb:13:in `call'
actionpack (5.2.2) lib/action_dispatch/middleware/remote_ip.rb:81:in `call'
actionpack (5.2.2) lib/action_dispatch/middleware/request_id.rb:27:in `call'
rack (2.0.6) lib/rack/method_override.rb:22:in `call'
rack (2.0.6) lib/rack/runtime.rb:22:in `call'
activesupport (5.2.2) lib/active_support/cache/strategy/local_cache_middleware.rb:29:in `call'
actionpack (5.2.2) lib/action_dispatch/middleware/executor.rb:14:in `call'
actionpack (5.2.2) lib/action_dispatch/middleware/static.rb:127:in `call'
rack (2.0.6) lib/rack/sendfile.rb:111:in `call'
railties (5.2.2) lib/rails/engine.rb:524:in `call'
puma (3.12.0) lib/puma/configuration.rb:225:in `call'
puma (3.12.0) lib/puma/server.rb:658:in `handle_request'
puma (3.12.0) lib/puma/server.rb:472:in `process_client'
puma (3.12.0) lib/puma/server.rb:332:in `block in run'
puma (3.12.0) lib/puma/thread_pool.rb:133:in `block in spawn_thread'
Started GET "/" for 127.0.0.1 at 2019-03-02 21:00:04 +0900
Processing by MessagesController#index as HTML
  [1m[36mUser Load (83.2ms)[0m  [1m[34mSELECT  `users`.* FROM `users` WHERE `users`.`id` = 7 ORDER BY `users`.`id` ASC LIMIT 1[0m
  â†³ /Users/k44/.rbenv/versions/2.5.1/lib/ruby/gems/2.5.0/gems/activerecord-5.2.2/lib/active_record/log_subscriber.rb:98
  Rendering messages/index.haml within layouts/application
  Rendered messages/index.haml within layouts/application (11.6ms)
Completed 200 OK in 362ms (Views: 226.0ms | ActiveRecord: 86.7ms)


Started GET "/message_controller.scss" for 127.0.0.1 at 2019-03-02 21:00:05 +0900
  
ActionController::RoutingError (No route matches [GET] "/message_controller.scss"):
  
actionpack (5.2.2) lib/action_dispatch/middleware/debug_exceptions.rb:65:in `call'
web-console (3.7.0) lib/web_console/middleware.rb:135:in `call_app'
web-console (3.7.0) lib/web_console/middleware.rb:30:in `block in call'
web-console (3.7.0) lib/web_console/middleware.rb:20:in `catch'
web-console (3.7.0) lib/web_console/middleware.rb:20:in `call'
actionpack (5.2.2) lib/action_dispatch/middleware/show_exceptions.rb:33:in `call'
railties (5.2.2) lib/rails/rack/logger.rb:38:in `call_app'
railties (5.2.2) lib/rails/rack/logger.rb:26:in `block in call'
activesupport (5.2.2) lib/active_support/tagged_logging.rb:71:in `block in tagged'
activesupport (5.2.2) lib/active_support/tagged_logging.rb:28:in `tagged'
activesupport (5.2.2) lib/active_support/tagged_logging.rb:71:in `tagged'
railties (5.2.2) lib/rails/rack/logger.rb:26:in `call'
sprockets-rails (3.2.1) lib/sprockets/rails/quiet_assets.rb:13:in `call'
actionpack (5.2.2) lib/action_dispatch/middleware/remote_ip.rb:81:in `call'
actionpack (5.2.2) lib/action_dispatch/middleware/request_id.rb:27:in `call'
rack (2.0.6) lib/rack/method_override.rb:22:in `call'
rack (2.0.6) lib/rack/runtime.rb:22:in `call'
activesupport (5.2.2) lib/active_support/cache/strategy/local_cache_middleware.rb:29:in `call'
actionpack (5.2.2) lib/action_dispatch/middleware/executor.rb:14:in `call'
actionpack (5.2.2) lib/action_dispatch/middleware/static.rb:127:in `call'
rack (2.0.6) lib/rack/sendfile.rb:111:in `call'
railties (5.2.2) lib/rails/engine.rb:524:in `call'
puma (3.12.0) lib/puma/configuration.rb:225:in `call'
puma (3.12.0) lib/puma/server.rb:658:in `handle_request'
puma (3.12.0) lib/puma/server.rb:472:in `process_client'
puma (3.12.0) lib/puma/server.rb:332:in `block in run'
puma (3.12.0) lib/puma/thread_pool.rb:133:in `block in spawn_thread'
  [1m[35m (1.0ms)[0m  [1m[35mSET NAMES utf8,  @@SESSION.sql_mode = CONCAT(CONCAT(@@sql_mode, ',STRICT_ALL_TABLES'), ',NO_AUTO_VALUE_ON_ZERO'),  @@SESSION.sql_auto_is_null = 0, @@SESSION.wait_timeout = 2147483[0m
  â†³ /Users/k44/.rbenv/versions/2.5.1/bin/rake:23
  [1m[35m (1.8ms)[0m  [1m[34mSELECT GET_LOCK('8445024276154775190', 0)[0m
  â†³ /Users/k44/.rbenv/versions/2.5.1/bin/rake:23
  [1m[35m (0.3ms)[0m  [1m[34mSELECT `schema_migrations`.`version` FROM `schema_migrations` ORDER BY `schema_migrations`.`version` ASC[0m
  â†³ /Users/k44/.rbenv/versions/2.5.1/bin/rake:23
Migrating to CreateGroups (20190302120707)
  [1m[35m (1.3ms)[0m  [1m[35mCREATE TABLE `groups` (`id` bigint NOT NULL AUTO_INCREMENT PRIMARY KEY, `name` varchar(255) NOT NULL, `created_at` datetime NOT NULL, `updated_at` datetime NOT NULL)[0m
  â†³ db/migrate/20190302120707_create_groups.rb:3
  [1m[35m (0.2ms)[0m  [1m[34mSELECT RELEASE_LOCK('8445024276154775190')[0m
  â†³ /Users/k44/.rbenv/versions/2.5.1/bin/rake:23
  [1m[35m (0.3ms)[0m  [1m[35mSET NAMES utf8,  @@SESSION.sql_mode = CONCAT(CONCAT(@@sql_mode, ',STRICT_ALL_TABLES'), ',NO_AUTO_VALUE_ON_ZERO'),  @@SESSION.sql_auto_is_null = 0, @@SESSION.wait_timeout = 2147483[0m
  â†³ /Users/k44/.rbenv/versions/2.5.1/bin/rake:23
  [1m[35m (0.7ms)[0m  [1m[34mSELECT GET_LOCK('8445024276154775190', 0)[0m
  â†³ /Users/k44/.rbenv/versions/2.5.1/bin/rake:23
  [1m[35m (5.0ms)[0m  [1m[34mSELECT `schema_migrations`.`version` FROM `schema_migrations` ORDER BY `schema_migrations`.`version` ASC[0m
  â†³ /Users/k44/.rbenv/versions/2.5.1/bin/rake:23
Migrating to CreateGroups (20190302120707)
  [1m[35m (1.2ms)[0m  [1m[35mCREATE TABLE `groups` (`id` bigint NOT NULL AUTO_INCREMENT PRIMARY KEY, `name` varchar(255) NOT NULL, `created_at` datetime NOT NULL, `updated_at` datetime NOT NULL)[0m
  â†³ db/migrate/20190302120707_create_groups.rb:3
  [1m[35m (0.2ms)[0m  [1m[34mSELECT RELEASE_LOCK('8445024276154775190')[0m
  â†³ /Users/k44/.rbenv/versions/2.5.1/bin/rake:23
Started GET "/" for 127.0.0.1 at 2019-03-02 21:14:05 +0900
  [1m[35m (0.3ms)[0m  [1m[35mSET NAMES utf8,  @@SESSION.sql_mode = CONCAT(CONCAT(@@sql_mode, ',STRICT_ALL_TABLES'), ',NO_AUTO_VALUE_ON_ZERO'),  @@SESSION.sql_auto_is_null = 0, @@SESSION.wait_timeout = 2147483[0m
  â†³ /Users/k44/.rbenv/versions/2.5.1/lib/ruby/gems/2.5.0/gems/activerecord-5.2.2/lib/active_record/log_subscriber.rb:98
  [1m[35m (0.2ms)[0m  [1m[34mSELECT `schema_migrations`.`version` FROM `schema_migrations` ORDER BY `schema_migrations`.`version` ASC[0m
  â†³ /Users/k44/.rbenv/versions/2.5.1/lib/ruby/gems/2.5.0/gems/activerecord-5.2.2/lib/active_record/log_subscriber.rb:98
  
ActiveRecord::PendingMigrationError (

Migrations are pending. To resolve this issue, run:

        bin/rails db:migrate RAILS_ENV=development

):
  
activerecord (5.2.2) lib/active_record/migration.rb:579:in `check_pending!'
activerecord (5.2.2) lib/active_record/migration.rb:556:in `call'
actionpack (5.2.2) lib/action_dispatch/middleware/callbacks.rb:28:in `block in call'
activesupport (5.2.2) lib/active_support/callbacks.rb:98:in `run_callbacks'
actionpack (5.2.2) lib/action_dispatch/middleware/callbacks.rb:26:in `call'
actionpack (5.2.2) lib/action_dispatch/middleware/executor.rb:14:in `call'
actionpack (5.2.2) lib/action_dispatch/middleware/debug_exceptions.rb:61:in `call'
web-console (3.7.0) lib/web_console/middleware.rb:135:in `call_app'
web-console (3.7.0) lib/web_console/middleware.rb:30:in `block in call'
web-console (3.7.0) lib/web_console/middleware.rb:20:in `catch'
web-console (3.7.0) lib/web_console/middleware.rb:20:in `call'
actionpack (5.2.2) lib/action_dispatch/middleware/show_exceptions.rb:33:in `call'
railties (5.2.2) lib/rails/rack/logger.rb:38:in `call_app'
railties (5.2.2) lib/rails/rack/logger.rb:26:in `block in call'
activesupport (5.2.2) lib/active_support/tagged_logging.rb:71:in `block in tagged'
activesupport (5.2.2) lib/active_support/tagged_logging.rb:28:in `tagged'
activesupport (5.2.2) lib/active_support/tagged_logging.rb:71:in `tagged'
railties (5.2.2) lib/rails/rack/logger.rb:26:in `call'
sprockets-rails (3.2.1) lib/sprockets/rails/quiet_assets.rb:13:in `call'
actionpack (5.2.2) lib/action_dispatch/middleware/remote_ip.rb:81:in `call'
actionpack (5.2.2) lib/action_dispatch/middleware/request_id.rb:27:in `call'
rack (2.0.6) lib/rack/method_override.rb:22:in `call'
rack (2.0.6) lib/rack/runtime.rb:22:in `call'
activesupport (5.2.2) lib/active_support/cache/strategy/local_cache_middleware.rb:29:in `call'
actionpack (5.2.2) lib/action_dispatch/middleware/executor.rb:14:in `call'
actionpack (5.2.2) lib/action_dispatch/middleware/static.rb:127:in `call'
rack (2.0.6) lib/rack/sendfile.rb:111:in `call'
railties (5.2.2) lib/rails/engine.rb:524:in `call'
puma (3.12.0) lib/puma/configuration.rb:225:in `call'
puma (3.12.0) lib/puma/server.rb:658:in `handle_request'
puma (3.12.0) lib/puma/server.rb:472:in `process_client'
puma (3.12.0) lib/puma/server.rb:332:in `block in run'
puma (3.12.0) lib/puma/thread_pool.rb:133:in `block in spawn_thread'
  [1m[35m (0.3ms)[0m  [1m[35mSET NAMES utf8,  @@SESSION.sql_mode = CONCAT(CONCAT(@@sql_mode, ',STRICT_ALL_TABLES'), ',NO_AUTO_VALUE_ON_ZERO'),  @@SESSION.sql_auto_is_null = 0, @@SESSION.wait_timeout = 2147483[0m
  â†³ /Users/k44/.rbenv/versions/2.5.1/bin/rake:23
  [1m[35m (0.5ms)[0m  [1m[34mSELECT GET_LOCK('8445024276154775190', 0)[0m
  â†³ /Users/k44/.rbenv/versions/2.5.1/bin/rake:23
  [1m[35m (2.9ms)[0m  [1m[34mSELECT `schema_migrations`.`version` FROM `schema_migrations` ORDER BY `schema_migrations`.`version` ASC[0m
  â†³ /Users/k44/.rbenv/versions/2.5.1/bin/rake:23
Migrating to CreateGroups (20190302120707)
  [1m[35m (1.4ms)[0m  [1m[35mCREATE TABLE `groups` (`id` bigint NOT NULL AUTO_INCREMENT PRIMARY KEY, `name` varchar(255) NOT NULL, `created_at` datetime NOT NULL, `updated_at` datetime NOT NULL)[0m
  â†³ db/migrate/20190302120707_create_groups.rb:3
  [1m[35m (0.2ms)[0m  [1m[34mSELECT RELEASE_LOCK('8445024276154775190')[0m
  â†³ /Users/k44/.rbenv/versions/2.5.1/bin/rake:23
  [1m[35m (0.3ms)[0m  [1m[35mSET NAMES utf8,  @@SESSION.sql_mode = CONCAT(CONCAT(@@sql_mode, ',STRICT_ALL_TABLES'), ',NO_AUTO_VALUE_ON_ZERO'),  @@SESSION.sql_auto_is_null = 0, @@SESSION.wait_timeout = 2147483[0m
  â†³ bin/rails:9
  [1m[35m (12.4ms)[0m  [1m[34mSELECT `schema_migrations`.`version` FROM `schema_migrations` ORDER BY `schema_migrations`.`version` ASC[0m
  â†³ bin/rails:9
  [1m[35m (0.5ms)[0m  [1m[34mSELECT `ar_internal_metadata`.`value` FROM `ar_internal_metadata` WHERE `ar_internal_metadata`.`key` = 'environment'[0m
  â†³ bin/rails:9
  [1m[35m (0.3ms)[0m  [1m[34mSELECT `schema_migrations`.`version` FROM `schema_migrations` ORDER BY `schema_migrations`.`version` ASC[0m
  â†³ bin/rails:9
  [1m[35m (0.3ms)[0m  [1m[34mSELECT `ar_internal_metadata`.`value` FROM `ar_internal_metadata` WHERE `ar_internal_metadata`.`key` = 'environment'[0m
  â†³ bin/rails:9
  [1m[35m (0.2ms)[0m  [1m[34mSELECT `schema_migrations`.`version` FROM `schema_migrations` ORDER BY `schema_migrations`.`version` ASC[0m
  â†³ bin/rails:9
  [1m[35m (0.2ms)[0m  [1m[34mSELECT `ar_internal_metadata`.`value` FROM `ar_internal_metadata` WHERE `ar_internal_metadata`.`key` = 'environment'[0m
  â†³ bin/rails:9
  [1m[35m (0.3ms)[0m  [1m[35mSET NAMES utf8,  @@SESSION.sql_mode = CONCAT(CONCAT(@@sql_mode, ',STRICT_ALL_TABLES'), ',NO_AUTO_VALUE_ON_ZERO'),  @@SESSION.sql_auto_is_null = 0, @@SESSION.wait_timeout = 2147483[0m
  â†³ bin/rails:9
  [1m[35m (35.9ms)[0m  [1m[35mDROP DATABASE IF EXISTS `chat-space_development`[0m
  â†³ bin/rails:9
  [1m[35m (0.2ms)[0m  [1m[35mSET NAMES utf8,  @@SESSION.sql_mode = CONCAT(CONCAT(@@sql_mode, ',STRICT_ALL_TABLES'), ',NO_AUTO_VALUE_ON_ZERO'),  @@SESSION.sql_auto_is_null = 0, @@SESSION.wait_timeout = 2147483[0m
  â†³ bin/rails:9
  [1m[35m (0.7ms)[0m  [1m[35mDROP DATABASE IF EXISTS `chat-space_test`[0m
  â†³ bin/rails:9
  [1m[35m (0.2ms)[0m  [1m[35mSET NAMES utf8,  @@SESSION.sql_mode = CONCAT(CONCAT(@@sql_mode, ',STRICT_ALL_TABLES'), ',NO_AUTO_VALUE_ON_ZERO'),  @@SESSION.sql_auto_is_null = 0, @@SESSION.wait_timeout = 2147483[0m
  â†³ bin/rails:9
  [1m[35m (0.5ms)[0m  [1m[35mCREATE DATABASE `chat-space_development` DEFAULT CHARACTER SET `utf8`[0m
  â†³ bin/rails:9
  [1m[35m (0.2ms)[0m  [1m[35mSET NAMES utf8,  @@SESSION.sql_mode = CONCAT(CONCAT(@@sql_mode, ',STRICT_ALL_TABLES'), ',NO_AUTO_VALUE_ON_ZERO'),  @@SESSION.sql_auto_is_null = 0, @@SESSION.wait_timeout = 2147483[0m
  â†³ bin/rails:9
  [1m[35m (0.6ms)[0m  [1m[35mCREATE DATABASE `chat-space_test` DEFAULT CHARACTER SET `utf8`[0m
  â†³ bin/rails:9
  [1m[35m (0.3ms)[0m  [1m[35mSET NAMES utf8,  @@SESSION.sql_mode = CONCAT(CONCAT(@@sql_mode, ',STRICT_ALL_TABLES'), ',NO_AUTO_VALUE_ON_ZERO'),  @@SESSION.sql_auto_is_null = 0, @@SESSION.wait_timeout = 2147483[0m
  â†³ db/schema.rb:15
  [1m[35m (0.2ms)[0m  [1m[35mDROP TABLE IF EXISTS `users` CASCADE[0m
  â†³ db/schema.rb:15
  [1m[35m (38.4ms)[0m  [1m[35mCREATE TABLE `users` (`id` bigint NOT NULL AUTO_INCREMENT PRIMARY KEY, `name` varchar(255) NOT NULL, `email` varchar(255) DEFAULT '' NOT NULL, `encrypted_password` varchar(255) DEFAULT '' NOT NULL, `reset_password_token` varchar(255), `reset_password_sent_at` datetime, `remember_created_at` datetime, `created_at` datetime NOT NULL, `updated_at` datetime NOT NULL, UNIQUE INDEX `index_users_on_email`  (`email`),  INDEX `index_users_on_name`  (`name`), UNIQUE INDEX `index_users_on_reset_password_token`  (`reset_password_token`)) ENGINE=InnoDB DEFAULT CHARSET=utf8[0m
  â†³ db/schema.rb:15
  [1m[35m (13.5ms)[0m  [1m[35mCREATE TABLE `schema_migrations` (`version` varchar(255) NOT NULL PRIMARY KEY)[0m
  â†³ db/schema.rb:13
  [1m[35m (1.0ms)[0m  [1m[34mSELECT `schema_migrations`.`version` FROM `schema_migrations` ORDER BY `schema_migrations`.`version` ASC[0m
  â†³ db/schema.rb:13
  [1m[35m (0.8ms)[0m  [1m[32mINSERT INTO `schema_migrations` (version) VALUES (20190228062836)[0m
  â†³ db/schema.rb:13
  [1m[35m (13.4ms)[0m  [1m[35mCREATE TABLE `ar_internal_metadata` (`key` varchar(255) NOT NULL PRIMARY KEY, `value` varchar(255), `created_at` datetime NOT NULL, `updated_at` datetime NOT NULL)[0m
  â†³ db/schema.rb:13
  [1m[36mActiveRecord::InternalMetadata Load (0.9ms)[0m  [1m[34mSELECT  `ar_internal_metadata`.* FROM `ar_internal_metadata` WHERE `ar_internal_metadata`.`key` = 'environment' LIMIT 1[0m
  â†³ db/schema.rb:13
  [1m[35m (0.2ms)[0m  [1m[35mBEGIN[0m
  â†³ db/schema.rb:13
  [1m[36mActiveRecord::InternalMetadata Create (0.9ms)[0m  [1m[32mINSERT INTO `ar_internal_metadata` (`key`, `value`, `created_at`, `updated_at`) VALUES ('environment', 'development', '2019-03-02 12:18:00', '2019-03-02 12:18:00')[0m
  â†³ db/schema.rb:13
  [1m[35m (0.4ms)[0m  [1m[35mCOMMIT[0m
  â†³ db/schema.rb:13
  [1m[36mActiveRecord::InternalMetadata Load (0.2ms)[0m  [1m[34mSELECT  `ar_internal_metadata`.* FROM `ar_internal_metadata` WHERE `ar_internal_metadata`.`key` = 'environment' LIMIT 1[0m
  â†³ bin/rails:9
  [1m[35m (0.3ms)[0m  [1m[35mBEGIN[0m
  â†³ bin/rails:9
  [1m[35m (0.1ms)[0m  [1m[35mCOMMIT[0m
  â†³ bin/rails:9
  [1m[35m (0.2ms)[0m  [1m[35mSET NAMES utf8,  @@SESSION.sql_mode = CONCAT(CONCAT(@@sql_mode, ',STRICT_ALL_TABLES'), ',NO_AUTO_VALUE_ON_ZERO'),  @@SESSION.sql_auto_is_null = 0, @@SESSION.wait_timeout = 2147483[0m
  â†³ db/schema.rb:15
  [1m[35m (0.2ms)[0m  [1m[35mDROP TABLE IF EXISTS `users` CASCADE[0m
  â†³ db/schema.rb:15
  [1m[35m (14.4ms)[0m  [1m[35mCREATE TABLE `users` (`id` bigint NOT NULL AUTO_INCREMENT PRIMARY KEY, `name` varchar(255) NOT NULL, `email` varchar(255) DEFAULT '' NOT NULL, `encrypted_password` varchar(255) DEFAULT '' NOT NULL, `reset_password_token` varchar(255), `reset_password_sent_at` datetime, `remember_created_at` datetime, `created_at` datetime NOT NULL, `updated_at` datetime NOT NULL, UNIQUE INDEX `index_users_on_email`  (`email`),  INDEX `index_users_on_name`  (`name`), UNIQUE INDEX `index_users_on_reset_password_token`  (`reset_password_token`)) ENGINE=InnoDB DEFAULT CHARSET=utf8[0m
  â†³ db/schema.rb:15
  [1m[35m (13.2ms)[0m  [1m[35mCREATE TABLE `schema_migrations` (`version` varchar(255) NOT NULL PRIMARY KEY)[0m
  â†³ db/schema.rb:13
  [1m[35m (0.8ms)[0m  [1m[34mSELECT `schema_migrations`.`version` FROM `schema_migrations` ORDER BY `schema_migrations`.`version` ASC[0m
  â†³ db/schema.rb:13
  [1m[35m (0.7ms)[0m  [1m[32mINSERT INTO `schema_migrations` (version) VALUES (20190228062836)[0m
  â†³ db/schema.rb:13
  [1m[35m (9.8ms)[0m  [1m[35mCREATE TABLE `ar_internal_metadata` (`key` varchar(255) NOT NULL PRIMARY KEY, `value` varchar(255), `created_at` datetime NOT NULL, `updated_at` datetime NOT NULL)[0m
  â†³ db/schema.rb:13
  [1m[36mActiveRecord::InternalMetadata Load (0.6ms)[0m  [1m[34mSELECT  `ar_internal_metadata`.* FROM `ar_internal_metadata` WHERE `ar_internal_metadata`.`key` = 'environment' LIMIT 1[0m
  â†³ db/schema.rb:13
  [1m[35m (0.1ms)[0m  [1m[35mBEGIN[0m
  â†³ db/schema.rb:13
  [1m[36mActiveRecord::InternalMetadata Create (0.3ms)[0m  [1m[32mINSERT INTO `ar_internal_metadata` (`key`, `value`, `created_at`, `updated_at`) VALUES ('environment', 'development', '2019-03-02 12:18:00', '2019-03-02 12:18:00')[0m
  â†³ db/schema.rb:13
  [1m[35m (0.5ms)[0m  [1m[35mCOMMIT[0m
  â†³ db/schema.rb:13
  [1m[36mActiveRecord::InternalMetadata Load (0.3ms)[0m  [1m[34mSELECT  `ar_internal_metadata`.* FROM `ar_internal_metadata` WHERE `ar_internal_metadata`.`key` = 'environment' LIMIT 1[0m
  â†³ bin/rails:9
  [1m[35m (0.2ms)[0m  [1m[35mBEGIN[0m
  â†³ bin/rails:9
  [1m[36mActiveRecord::InternalMetadata Update (1.1ms)[0m  [1m[33mUPDATE `ar_internal_metadata` SET `value` = 'test' WHERE `ar_internal_metadata`.`key` = 'environment'[0m
  â†³ bin/rails:9
  [1m[35m (0.5ms)[0m  [1m[35mCOMMIT[0m
  â†³ bin/rails:9
  [1m[35m (0.2ms)[0m  [1m[35mSET NAMES utf8,  @@SESSION.sql_mode = CONCAT(CONCAT(@@sql_mode, ',STRICT_ALL_TABLES'), ',NO_AUTO_VALUE_ON_ZERO'),  @@SESSION.sql_auto_is_null = 0, @@SESSION.wait_timeout = 2147483[0m
  â†³ bin/rails:9
  [1m[35m (0.2ms)[0m  [1m[34mSELECT `schema_migrations`.`version` FROM `schema_migrations` ORDER BY `schema_migrations`.`version` ASC[0m
  â†³ bin/rails:9
  [1m[35m (0.5ms)[0m  [1m[35mSET NAMES utf8,  @@SESSION.sql_mode = CONCAT(CONCAT(@@sql_mode, ',STRICT_ALL_TABLES'), ',NO_AUTO_VALUE_ON_ZERO'),  @@SESSION.sql_auto_is_null = 0, @@SESSION.wait_timeout = 2147483[0m
  â†³ bin/rails:9
  [1m[35m (0.5ms)[0m  [1m[34mSELECT `schema_migrations`.`version` FROM `schema_migrations` ORDER BY `schema_migrations`.`version` ASC[0m
  â†³ bin/rails:9
  [1m[35m (0.3ms)[0m  [1m[34mSELECT `ar_internal_metadata`.`value` FROM `ar_internal_metadata` WHERE `ar_internal_metadata`.`key` = 'environment'[0m
  â†³ bin/rails:9
  [1m[35m (0.2ms)[0m  [1m[34mSELECT `schema_migrations`.`version` FROM `schema_migrations` ORDER BY `schema_migrations`.`version` ASC[0m
  â†³ bin/rails:9
  [1m[35m (0.2ms)[0m  [1m[34mSELECT `ar_internal_metadata`.`value` FROM `ar_internal_metadata` WHERE `ar_internal_metadata`.`key` = 'environment'[0m
  â†³ bin/rails:9
  [1m[35m (0.2ms)[0m  [1m[34mSELECT `schema_migrations`.`version` FROM `schema_migrations` ORDER BY `schema_migrations`.`version` ASC[0m
  â†³ bin/rails:9
  [1m[35m (0.2ms)[0m  [1m[34mSELECT `ar_internal_metadata`.`value` FROM `ar_internal_metadata` WHERE `ar_internal_metadata`.`key` = 'environment'[0m
  â†³ bin/rails:9
  [1m[35m (0.2ms)[0m  [1m[35mSET NAMES utf8,  @@SESSION.sql_mode = CONCAT(CONCAT(@@sql_mode, ',STRICT_ALL_TABLES'), ',NO_AUTO_VALUE_ON_ZERO'),  @@SESSION.sql_auto_is_null = 0, @@SESSION.wait_timeout = 2147483[0m
  â†³ bin/rails:9
  [1m[35m (9.8ms)[0m  [1m[35mDROP DATABASE IF EXISTS `chat-space_development`[0m
  â†³ bin/rails:9
  [1m[35m (0.2ms)[0m  [1m[35mSET NAMES utf8,  @@SESSION.sql_mode = CONCAT(CONCAT(@@sql_mode, ',STRICT_ALL_TABLES'), ',NO_AUTO_VALUE_ON_ZERO'),  @@SESSION.sql_auto_is_null = 0, @@SESSION.wait_timeout = 2147483[0m
  â†³ bin/rails:9
  [1m[35m (8.7ms)[0m  [1m[35mDROP DATABASE IF EXISTS `chat-space_test`[0m
  â†³ bin/rails:9
  [1m[35m (0.3ms)[0m  [1m[35mSET NAMES utf8,  @@SESSION.sql_mode = CONCAT(CONCAT(@@sql_mode, ',STRICT_ALL_TABLES'), ',NO_AUTO_VALUE_ON_ZERO'),  @@SESSION.sql_auto_is_null = 0, @@SESSION.wait_timeout = 2147483[0m
  â†³ bin/rails:9
  [1m[35m (0.6ms)[0m  [1m[35mCREATE DATABASE `chat-space_development` DEFAULT CHARACTER SET `utf8`[0m
  â†³ bin/rails:9
  [1m[35m (0.2ms)[0m  [1m[35mSET NAMES utf8,  @@SESSION.sql_mode = CONCAT(CONCAT(@@sql_mode, ',STRICT_ALL_TABLES'), ',NO_AUTO_VALUE_ON_ZERO'),  @@SESSION.sql_auto_is_null = 0, @@SESSION.wait_timeout = 2147483[0m
  â†³ bin/rails:9
  [1m[35m (0.5ms)[0m  [1m[35mCREATE DATABASE `chat-space_test` DEFAULT CHARACTER SET `utf8`[0m
  â†³ bin/rails:9
  [1m[35m (0.2ms)[0m  [1m[35mSET NAMES utf8,  @@SESSION.sql_mode = CONCAT(CONCAT(@@sql_mode, ',STRICT_ALL_TABLES'), ',NO_AUTO_VALUE_ON_ZERO'),  @@SESSION.sql_auto_is_null = 0, @@SESSION.wait_timeout = 2147483[0m
  â†³ bin/rails:9
  [1m[35m (22.4ms)[0m  [1m[35mCREATE TABLE `schema_migrations` (`version` varchar(255) NOT NULL PRIMARY KEY)[0m
  â†³ bin/rails:9
  [1m[35m (9.5ms)[0m  [1m[35mCREATE TABLE `ar_internal_metadata` (`key` varchar(255) NOT NULL PRIMARY KEY, `value` varchar(255), `created_at` datetime NOT NULL, `updated_at` datetime NOT NULL)[0m
  â†³ bin/rails:9
  [1m[35m (0.1ms)[0m  [1m[34mSELECT GET_LOCK('8445024276154775190', 0)[0m
  â†³ bin/rails:9
  [1m[35m (0.4ms)[0m  [1m[34mSELECT `schema_migrations`.`version` FROM `schema_migrations` ORDER BY `schema_migrations`.`version` ASC[0m
  â†³ bin/rails:9
Migrating to DeviseCreateUsers (20190228062836)
  [1m[35m (11.0ms)[0m  [1m[35mCREATE TABLE `users` (`id` bigint NOT NULL AUTO_INCREMENT PRIMARY KEY, `name` varchar(255) NOT NULL, `email` varchar(255) DEFAULT '' NOT NULL, `encrypted_password` varchar(255) DEFAULT '' NOT NULL, `reset_password_token` varchar(255), `reset_password_sent_at` datetime, `remember_created_at` datetime, `created_at` datetime NOT NULL, `updated_at` datetime NOT NULL,  INDEX `index_users_on_name`  (`name`))[0m
  â†³ db/migrate/20190228062836_devise_create_users.rb:5
  [1m[35m (12.0ms)[0m  [1m[35mCREATE UNIQUE INDEX `index_users_on_email`  ON `users` (`email`) [0m
  â†³ db/migrate/20190228062836_devise_create_users.rb:40
  [1m[35m (8.7ms)[0m  [1m[35mCREATE UNIQUE INDEX `index_users_on_reset_password_token`  ON `users` (`reset_password_token`) [0m
  â†³ db/migrate/20190228062836_devise_create_users.rb:41
  [1m[35m (0.3ms)[0m  [1m[35mBEGIN[0m
  â†³ bin/rails:9
  [1m[36mActiveRecord::SchemaMigration Create (0.3ms)[0m  [1m[32mINSERT INTO `schema_migrations` (`version`) VALUES ('20190228062836')[0m
  â†³ bin/rails:9
  [1m[35m (0.6ms)[0m  [1m[35mCOMMIT[0m
  â†³ bin/rails:9
Migrating to CreateGroups (20190302120707)
  [1m[35m (9.5ms)[0m  [1m[35mCREATE TABLE `groups` (`id` bigint NOT NULL AUTO_INCREMENT PRIMARY KEY, `name` varchar(255) NOT NULL, `created_at` datetime NOT NULL, `updated_at` datetime NOT NULL)[0m
  â†³ db/migrate/20190302120707_create_groups.rb:3
  [1m[35m (0.2ms)[0m  [1m[35mBEGIN[0m
  â†³ bin/rails:9
  [1m[36mActiveRecord::SchemaMigration Create (0.2ms)[0m  [1m[32mINSERT INTO `schema_migrations` (`version`) VALUES ('20190302120707')[0m
  â†³ bin/rails:9
  [1m[35m (0.4ms)[0m  [1m[35mCOMMIT[0m
  â†³ bin/rails:9
Migrating to CreateGroupUsers (20190302120716)
  [1m[35m (14.6ms)[0m  [1m[35mCREATE TABLE `group_users` (`id` bigint NOT NULL AUTO_INCREMENT PRIMARY KEY, `group_id` bigint, `user_id` bigint, `created_at` datetime NOT NULL, `updated_at` datetime NOT NULL,  INDEX `index_group_users_on_group_id`  (`group_id`),  INDEX `index_group_users_on_user_id`  (`user_id`), CONSTRAINT `fk_rails_a9d5f48449`
FOREIGN KEY (`group_id`)
  REFERENCES `groups` (`id`)
, CONSTRAINT `fk_rails_1486913327`
FOREIGN KEY (`user_id`)
  REFERENCES `users` (`id`)
)[0m
  â†³ db/migrate/20190302120716_create_group_users.rb:3
  [1m[35m (0.3ms)[0m  [1m[35mBEGIN[0m
  â†³ bin/rails:9
  [1m[36mActiveRecord::SchemaMigration Create (0.3ms)[0m  [1m[32mINSERT INTO `schema_migrations` (`version`) VALUES ('20190302120716')[0m
  â†³ bin/rails:9
  [1m[35m (0.5ms)[0m  [1m[35mCOMMIT[0m
  â†³ bin/rails:9
  [1m[36mActiveRecord::InternalMetadata Load (0.7ms)[0m  [1m[34mSELECT  `ar_internal_metadata`.* FROM `ar_internal_metadata` WHERE `ar_internal_metadata`.`key` = 'environment' LIMIT 1[0m
  â†³ bin/rails:9
  [1m[35m (0.2ms)[0m  [1m[35mBEGIN[0m
  â†³ bin/rails:9
  [1m[36mActiveRecord::InternalMetadata Create (0.3ms)[0m  [1m[32mINSERT INTO `ar_internal_metadata` (`key`, `value`, `created_at`, `updated_at`) VALUES ('environment', 'development', '2019-03-02 12:18:27', '2019-03-02 12:18:27')[0m
  â†³ bin/rails:9
  [1m[35m (0.9ms)[0m  [1m[35mCOMMIT[0m
  â†³ bin/rails:9
  [1m[35m (0.2ms)[0m  [1m[34mSELECT RELEASE_LOCK('8445024276154775190')[0m
  â†³ bin/rails:9
  [1m[35m (0.3ms)[0m  [1m[34mSELECT `schema_migrations`.`version` FROM `schema_migrations` ORDER BY `schema_migrations`.`version` ASC[0m
  â†³ bin/rails:9
  [1m[35m (0.8ms)[0m  [1m[35mSET NAMES utf8,  @@SESSION.sql_mode = CONCAT(CONCAT(@@sql_mode, ',STRICT_ALL_TABLES'), ',NO_AUTO_VALUE_ON_ZERO'),  @@SESSION.sql_auto_is_null = 0, @@SESSION.wait_timeout = 2147483[0m
  â†³ /Users/k44/.rbenv/versions/2.5.1/bin/rake:23
  [1m[35m (0.4ms)[0m  [1m[34mSELECT GET_LOCK('8445024276154775190', 0)[0m
  â†³ /Users/k44/.rbenv/versions/2.5.1/bin/rake:23
  [1m[35m (1.5ms)[0m  [1m[34mSELECT `schema_migrations`.`version` FROM `schema_migrations` ORDER BY `schema_migrations`.`version` ASC[0m
  â†³ /Users/k44/.rbenv/versions/2.5.1/bin/rake:23
  [1m[36mActiveRecord::InternalMetadata Load (0.4ms)[0m  [1m[34mSELECT  `ar_internal_metadata`.* FROM `ar_internal_metadata` WHERE `ar_internal_metadata`.`key` = 'environment' LIMIT 1[0m
  â†³ /Users/k44/.rbenv/versions/2.5.1/bin/rake:23
  [1m[35m (0.2ms)[0m  [1m[35mBEGIN[0m
  â†³ /Users/k44/.rbenv/versions/2.5.1/bin/rake:23
  [1m[35m (0.1ms)[0m  [1m[35mCOMMIT[0m
  â†³ /Users/k44/.rbenv/versions/2.5.1/bin/rake:23
  [1m[35m (0.2ms)[0m  [1m[34mSELECT RELEASE_LOCK('8445024276154775190')[0m
  â†³ /Users/k44/.rbenv/versions/2.5.1/bin/rake:23
  [1m[35m (0.2ms)[0m  [1m[34mSELECT `schema_migrations`.`version` FROM `schema_migrations` ORDER BY `schema_migrations`.`version` ASC[0m
  â†³ /Users/k44/.rbenv/versions/2.5.1/bin/rake:23
Started GET "/" for 127.0.0.1 at 2019-03-02 21:19:18 +0900
  [1m[35m (0.4ms)[0m  [1m[35mSET NAMES utf8,  @@SESSION.sql_mode = CONCAT(CONCAT(@@sql_mode, ',STRICT_ALL_TABLES'), ',NO_AUTO_VALUE_ON_ZERO'),  @@SESSION.sql_auto_is_null = 0, @@SESSION.wait_timeout = 2147483[0m
  â†³ /Users/k44/.rbenv/versions/2.5.1/lib/ruby/gems/2.5.0/gems/activerecord-5.2.2/lib/active_record/log_subscriber.rb:98
  [1m[35m (0.4ms)[0m  [1m[34mSELECT `schema_migrations`.`version` FROM `schema_migrations` ORDER BY `schema_migrations`.`version` ASC[0m
  â†³ /Users/k44/.rbenv/versions/2.5.1/lib/ruby/gems/2.5.0/gems/activerecord-5.2.2/lib/active_record/log_subscriber.rb:98
Processing by MessagesController#index as HTML
  [1m[36mUser Load (0.3ms)[0m  [1m[34mSELECT  `users`.* FROM `users` WHERE `users`.`id` = 7 ORDER BY `users`.`id` ASC LIMIT 1[0m
  â†³ /Users/k44/.rbenv/versions/2.5.1/lib/ruby/gems/2.5.0/gems/activerecord-5.2.2/lib/active_record/log_subscriber.rb:98
Completed 401 Unauthorized in 25ms (ActiveRecord: 3.3ms)


Started GET "/users/sign_in" for 127.0.0.1 at 2019-03-02 21:19:18 +0900
Processing by Devise::SessionsController#new as HTML
  Rendering devise/sessions/new.html.erb within layouts/application
  Rendered devise/shared/_links.html.erb (3.1ms)
  Rendered devise/sessions/new.html.erb within layouts/application (29.1ms)
Completed 500 Internal Server Error in 343ms (ActiveRecord: 0.0ms)


  
ActionView::Template::Error (Undefined variable: "$light_blue".):
     5:     %title ChatSpace
     6:     = csrf_meta_tags
     7:     = csp_meta_tag
     8:     = stylesheet_link_tag    'application', media: 'all', 'data-turbolinks-track': 'reload'
     9:     = javascript_include_tag 'application', 'data-turbolinks-track': 'reload'
    10:   %body
    11:     = render 'layouts/notifications'
  
app/assets/stylesheets/modules/flash.scss:3
app/views/layouts/application.html.haml:8:in `_app_views_layouts_application_html_haml__64457251534051788_70166773382900'
Started GET "/users/sign_in" for 127.0.0.1 at 2019-03-02 21:20:00 +0900
Processing by Devise::SessionsController#new as HTML
  Rendering devise/sessions/new.html.erb within layouts/application
  Rendered devise/shared/_links.html.erb (0.8ms)
  Rendered devise/sessions/new.html.erb within layouts/application (5.3ms)
Completed 500 Internal Server Error in 208ms (ActiveRecord: 0.0ms)


  
ActionView::Template::Error (Missing partial layouts/_notifications with {:locale=>[:ja], :formats=>[:html], :variants=>[], :handlers=>[:raw, :erb, :html, :builder, :ruby, :coffee, :jbuilder, :haml]}. Searched in:
  * "/Users/k44/projects/chat-space2/app/views"
  * "/Users/k44/.rbenv/versions/2.5.1/lib/ruby/gems/2.5.0/gems/kaminari-core-1.1.1/app/views"
  * "/Users/k44/.rbenv/versions/2.5.1/lib/ruby/gems/2.5.0/gems/devise-4.6.1/app/views"
):
     8:     = stylesheet_link_tag    'application', media: 'all', 'data-turbolinks-track': 'reload'
     9:     = javascript_include_tag 'application', 'data-turbolinks-track': 'reload'
    10:   %body
    11:     = render 'layouts/notifications'
    12:     = yield
  
app/views/layouts/application.html.haml:11:in `_app_views_layouts_application_html_haml__64457251534051788_70166818051840'
Started GET "/users/sign_in" for 127.0.0.1 at 2019-03-02 21:21:28 +0900
Processing by Devise::SessionsController#new as HTML
  Rendering devise/sessions/new.html.erb within layouts/application
  Rendered devise/shared/_links.html.erb (0.9ms)
  Rendered devise/sessions/new.html.erb within layouts/application (5.7ms)
  Rendered layouts/_notifications.html.haml (1.7ms)
Completed 200 OK in 180ms (Views: 177.8ms | ActiveRecord: 0.0ms)


Started POST "/users/sign_in" for 127.0.0.1 at 2019-03-02 21:21:35 +0900
Processing by Devise::SessionsController#create as HTML
  Parameters: {"utf8"=>"âœ“", "authenticity_token"=>"xxu0yfxsDEJMOMVp8J/iFi/FrgQ5ql+tkYZ4erJjpY00LlSbE+54skg8mFcf0fmRWMajA8uYe1iaFS0DK3h+kA==", "user"=>{"email"=>"aaaa@gmail.com", "password"=>"[FILTERED]", "remember_me"=>"0"}, "commit"=>"Log in"}
  [1m[36mUser Load (0.3ms)[0m  [1m[34mSELECT  `users`.* FROM `users` WHERE `users`.`email` = 'aaaa@gmail.com' ORDER BY `users`.`id` ASC LIMIT 1[0m
  â†³ /Users/k44/.rbenv/versions/2.5.1/lib/ruby/gems/2.5.0/gems/activerecord-5.2.2/lib/active_record/log_subscriber.rb:98
Completed 401 Unauthorized in 5ms (ActiveRecord: 0.3ms)


Processing by Devise::SessionsController#new as HTML
  Parameters: {"utf8"=>"âœ“", "authenticity_token"=>"xxu0yfxsDEJMOMVp8J/iFi/FrgQ5ql+tkYZ4erJjpY00LlSbE+54skg8mFcf0fmRWMajA8uYe1iaFS0DK3h+kA==", "user"=>{"email"=>"aaaa@gmail.com", "password"=>"[FILTERED]", "remember_me"=>"0"}, "commit"=>"Log in"}
  Rendering devise/sessions/new.html.erb within layouts/application
  Rendered devise/shared/_links.html.erb (0.9ms)
  Rendered devise/sessions/new.html.erb within layouts/application (6.4ms)
  Rendered layouts/_notifications.html.haml (2.0ms)
Completed 200 OK in 215ms (Views: 44.3ms | ActiveRecord: 0.0ms)


  [1m[35m (0.4ms)[0m  [1m[35mSET NAMES utf8,  @@SESSION.sql_mode = CONCAT(CONCAT(@@sql_mode, ',STRICT_ALL_TABLES'), ',NO_AUTO_VALUE_ON_ZERO'),  @@SESSION.sql_auto_is_null = 0, @@SESSION.wait_timeout = 2147483[0m
  â†³ /Users/k44/.rbenv/versions/2.5.1/bin/rake:23
  [1m[35m (0.5ms)[0m  [1m[34mSELECT GET_LOCK('8445024276154775190', 0)[0m
  â†³ /Users/k44/.rbenv/versions/2.5.1/bin/rake:23
  [1m[35m (0.3ms)[0m  [1m[34mSELECT `schema_migrations`.`version` FROM `schema_migrations` ORDER BY `schema_migrations`.`version` ASC[0m
  â†³ /Users/k44/.rbenv/versions/2.5.1/bin/rake:23
Migrating to CreateMessages (20190302123002)
  [1m[35m (15.4ms)[0m  [1m[35mCREATE TABLE `messages` (`id` bigint NOT NULL AUTO_INCREMENT PRIMARY KEY, `content` varchar(255), `image` varchar(255), `group_id` bigint, `user_id` bigint, `created_at` datetime NOT NULL, `updated_at` datetime NOT NULL,  INDEX `index_messages_on_group_id`  (`group_id`),  INDEX `index_messages_on_user_id`  (`user_id`), CONSTRAINT `fk_rails_841b0ae6ac`
FOREIGN KEY (`group_id`)
  REFERENCES `groups` (`id`)
, CONSTRAINT `fk_rails_273a25a7a6`
FOREIGN KEY (`user_id`)
  REFERENCES `users` (`id`)
)[0m
  â†³ db/migrate/20190302123002_create_messages.rb:3
  [1m[35m (0.2ms)[0m  [1m[35mBEGIN[0m
  â†³ /Users/k44/.rbenv/versions/2.5.1/bin/rake:23
  [1m[36mActiveRecord::SchemaMigration Create (0.3ms)[0m  [1m[32mINSERT INTO `schema_migrations` (`version`) VALUES ('20190302123002')[0m
  â†³ /Users/k44/.rbenv/versions/2.5.1/bin/rake:23
  [1m[35m (0.8ms)[0m  [1m[35mCOMMIT[0m
  â†³ /Users/k44/.rbenv/versions/2.5.1/bin/rake:23
  [1m[36mActiveRecord::InternalMetadata Load (0.3ms)[0m  [1m[34mSELECT  `ar_internal_metadata`.* FROM `ar_internal_metadata` WHERE `ar_internal_metadata`.`key` = 'environment' LIMIT 1[0m
  â†³ /Users/k44/.rbenv/versions/2.5.1/bin/rake:23
  [1m[35m (0.2ms)[0m  [1m[35mBEGIN[0m
  â†³ /Users/k44/.rbenv/versions/2.5.1/bin/rake:23
  [1m[35m (0.1ms)[0m  [1m[35mCOMMIT[0m
  â†³ /Users/k44/.rbenv/versions/2.5.1/bin/rake:23
  [1m[35m (0.2ms)[0m  [1m[34mSELECT RELEASE_LOCK('8445024276154775190')[0m
  â†³ /Users/k44/.rbenv/versions/2.5.1/bin/rake:23
  [1m[35m (0.2ms)[0m  [1m[34mSELECT `schema_migrations`.`version` FROM `schema_migrations` ORDER BY `schema_migrations`.`version` ASC[0m
  â†³ /Users/k44/.rbenv/versions/2.5.1/bin/rake:23
Started GET "/" for 127.0.0.1 at 2019-03-02 21:38:48 +0900
  [1m[35m (0.3ms)[0m  [1m[35mSET NAMES utf8,  @@SESSION.sql_mode = CONCAT(CONCAT(@@sql_mode, ',STRICT_ALL_TABLES'), ',NO_AUTO_VALUE_ON_ZERO'),  @@SESSION.sql_auto_is_null = 0, @@SESSION.wait_timeout = 2147483[0m
  â†³ /Users/k44/.rbenv/versions/2.5.1/lib/ruby/gems/2.5.0/gems/activerecord-5.2.2/lib/active_record/log_subscriber.rb:98
  [1m[35m (0.2ms)[0m  [1m[34mSELECT `schema_migrations`.`version` FROM `schema_migrations` ORDER BY `schema_migrations`.`version` ASC[0m
  â†³ /Users/k44/.rbenv/versions/2.5.1/lib/ruby/gems/2.5.0/gems/activerecord-5.2.2/lib/active_record/log_subscriber.rb:98
Processing by GroupsController#index as HTML
Completed 401 Unauthorized in 15ms (ActiveRecord: 0.0ms)


Started GET "/users/sign_in" for 127.0.0.1 at 2019-03-02 21:38:48 +0900
Processing by Devise::SessionsController#new as HTML
  Rendering devise/sessions/new.html.erb within layouts/application
  Rendered devise/shared/_links.html.erb (1.1ms)
  Rendered devise/sessions/new.html.erb within layouts/application (8.9ms)
Completed 500 Internal Server Error in 585ms (ActiveRecord: 6.2ms)


  
ActionView::Template::Error (Undefined mixin 'flexbox'.):
     5:     %title ChatSpace
     6:     = csrf_meta_tags
     7:     = csp_meta_tag
     8:     = stylesheet_link_tag    'application', media: 'all', 'data-turbolinks-track': 'reload'
     9:     = javascript_include_tag 'application', 'data-turbolinks-track': 'reload'
    10:   %body
    11:     = render 'layouts/notifications'
  
app/assets/stylesheets/modules/message.scss:15:in `flexbox'
app/assets/stylesheets/modules/message.scss:15
app/assets/stylesheets/application.scss:6
app/views/layouts/application.html.haml:8:in `_app_views_layouts_application_html_haml__3584101525616976408_70221593337380'
Started GET "/users/sign_in" for 127.0.0.1 at 2019-03-02 21:39:34 +0900
Processing by Devise::SessionsController#new as HTML
  Rendering devise/sessions/new.html.erb within layouts/application
  Rendered devise/shared/_links.html.erb (0.8ms)
  Rendered devise/sessions/new.html.erb within layouts/application (5.2ms)
Completed 500 Internal Server Error in 148ms (ActiveRecord: 0.0ms)


  
ActionView::Template::Error (Undefined variable: "$side_header_font".):
     5:     %title ChatSpace
     6:     = csrf_meta_tags
     7:     = csp_meta_tag
     8:     = stylesheet_link_tag    'application', media: 'all', 'data-turbolinks-track': 'reload'
     9:     = javascript_include_tag 'application', 'data-turbolinks-track': 'reload'
    10:   %body
    11:     = render 'layouts/notifications'
  
app/assets/stylesheets/modules/side_bar.scss:12
app/assets/stylesheets/application.scss:7
app/views/layouts/application.html.haml:8:in `_app_views_layouts_application_html_haml__3584101525616976408_70221593963580'
Started GET "/users/sign_in" for 127.0.0.1 at 2019-03-02 21:41:38 +0900
Processing by Devise::SessionsController#new as HTML
  Rendering devise/sessions/new.html.erb within layouts/application
  Rendered devise/shared/_links.html.erb (0.8ms)
  Rendered devise/sessions/new.html.erb within layouts/application (5.2ms)
  Rendered layouts/_notifications.html.haml (3.2ms)
Completed 200 OK in 240ms (Views: 238.5ms | ActiveRecord: 0.0ms)


Started GET "/users/sign_in" for 127.0.0.1 at 2019-03-02 21:42:40 +0900
Processing by Devise::SessionsController#new as HTML
  Rendering devise/sessions/new.html.haml within layouts/application
  Rendered devise/shared/_links.html.haml (2.0ms)
  Rendered devise/sessions/new.html.haml within layouts/application (10.0ms)
  Rendered layouts/_notifications.html.haml (1.7ms)
Completed 200 OK in 52ms (Views: 50.3ms | ActiveRecord: 0.0ms)


Started GET "/users/sign_up" for 127.0.0.1 at 2019-03-02 21:42:42 +0900
Processing by Devise::RegistrationsController#new as HTML
  Rendering devise/registrations/new.html.haml within layouts/application
  Rendered devise/shared/_links.html.haml (2.0ms)
DEPRECATION WARNING: [Devise] `DeviseHelper.devise_error_messages!`
is deprecated and it will be removed in the next major version.
To customize the errors styles please run `rails g devise:views` and modify the
`devise/shared/error_messages` partial.
 (called from block in _app_views_devise_registrations_new_html_haml___1470300901721592501_70221594954000 at /Users/k44/projects/chat-space2/app/views/devise/registrations/new.html.haml:9)
  Rendered devise/registrations/new.html.haml within layouts/application (11.8ms)
  Rendered layouts/_notifications.html.haml (1.6ms)
Completed 200 OK in 51ms (Views: 49.4ms | ActiveRecord: 0.0ms)


Started POST "/users" for 127.0.0.1 at 2019-03-02 21:42:56 +0900
Processing by Devise::RegistrationsController#create as HTML
  Parameters: {"utf8"=>"âœ“", "authenticity_token"=>"LXz6OY2CZW2EDh29qS05QIn8z/Cxt2RSrPih/uu97wreSRprYgARnYAKQINGYyLH/v/C90OFQKena/SHcqY0Fw==", "user"=>{"name"=>"é¦¬é¹¿é‡éƒ", "email"=>"aaaa@gmail.com", "password"=>"[FILTERED]", "password_confirmation"=>"[FILTERED]"}, "commit"=>"Create Account"}
  [1m[35m (0.3ms)[0m  [1m[35mBEGIN[0m
  â†³ /Users/k44/.rbenv/versions/2.5.1/lib/ruby/gems/2.5.0/gems/activerecord-5.2.2/lib/active_record/log_subscriber.rb:98
  [1m[36mUser Exists (0.3ms)[0m  [1m[34mSELECT  1 AS one FROM `users` WHERE `users`.`email` = BINARY 'aaaa@gmail.com' LIMIT 1[0m
  â†³ /Users/k44/.rbenv/versions/2.5.1/lib/ruby/gems/2.5.0/gems/activerecord-5.2.2/lib/active_record/log_subscriber.rb:98
  [1m[36mUser Create (0.4ms)[0m  [1m[32mINSERT INTO `users` (`name`, `email`, `encrypted_password`, `created_at`, `updated_at`) VALUES ('é¦¬é¹¿é‡éƒ', 'aaaa@gmail.com', '$2a$11$X29RprWvDETmWc.Z9PUhke09hlzkeVDlv3jCIJEZWJnS3fd6efHv.', '2019-03-02 12:42:57', '2019-03-02 12:42:57')[0m
  â†³ /Users/k44/.rbenv/versions/2.5.1/lib/ruby/gems/2.5.0/gems/activerecord-5.2.2/lib/active_record/log_subscriber.rb:98
  [1m[35m (2.1ms)[0m  [1m[35mCOMMIT[0m
  â†³ /Users/k44/.rbenv/versions/2.5.1/lib/ruby/gems/2.5.0/gems/activerecord-5.2.2/lib/active_record/log_subscriber.rb:98
Redirected to http://localhost:3000/
Completed 302 Found in 174ms (ActiveRecord: 3.1ms)


Started GET "/" for 127.0.0.1 at 2019-03-02 21:42:57 +0900
Processing by GroupsController#index as HTML
  [1m[36mUser Load (0.3ms)[0m  [1m[34mSELECT  `users`.* FROM `users` WHERE `users`.`id` = 1 ORDER BY `users`.`id` ASC LIMIT 1[0m
  â†³ /Users/k44/.rbenv/versions/2.5.1/lib/ruby/gems/2.5.0/gems/activerecord-5.2.2/lib/active_record/log_subscriber.rb:98
  Rendering groups/index.html.haml within layouts/application
  Rendered groups/index.html.haml within layouts/application (9.7ms)
Completed 500 Internal Server Error in 26ms (ActiveRecord: 0.3ms)


  
ActionView::Template::Error (Missing partial shared/_side_bar with {:locale=>[:ja], :formats=>[:html], :variants=>[], :handlers=>[:raw, :erb, :html, :builder, :ruby, :coffee, :jbuilder, :haml]}. Searched in:
  * "/Users/k44/projects/chat-space2/app/views"
  * "/Users/k44/.rbenv/versions/2.5.1/lib/ruby/gems/2.5.0/gems/kaminari-core-1.1.1/app/views"
  * "/Users/k44/.rbenv/versions/2.5.1/lib/ruby/gems/2.5.0/gems/devise-4.6.1/app/views"
):
    1: .wrapper
    2: 
    3:   = render 'shared/side_bar'
  
app/views/groups/index.html.haml:3:in `_app_views_groups_index_html_haml__3552288923180766686_70221627433520'
Started GET "/" for 127.0.0.1 at 2019-03-02 21:43:55 +0900
Processing by GroupsController#index as HTML
  [1m[36mUser Load (0.5ms)[0m  [1m[34mSELECT  `users`.* FROM `users` WHERE `users`.`id` = 1 ORDER BY `users`.`id` ASC LIMIT 1[0m
  â†³ /Users/k44/.rbenv/versions/2.5.1/lib/ruby/gems/2.5.0/gems/activerecord-5.2.2/lib/active_record/log_subscriber.rb:98
  Rendering groups/index.html.haml within layouts/application
  Rendered groups/index.html.haml within layouts/application (12.6ms)
Completed 500 Internal Server Error in 30ms (ActiveRecord: 0.5ms)


  
ActionView::Template::Error (Missing partial shared/_side_bar with {:locale=>[:ja], :formats=>[:html], :variants=>[], :handlers=>[:raw, :erb, :html, :builder, :ruby, :coffee, :jbuilder, :haml]}. Searched in:
  * "/Users/k44/projects/chat-space2/app/views"
  * "/Users/k44/.rbenv/versions/2.5.1/lib/ruby/gems/2.5.0/gems/kaminari-core-1.1.1/app/views"
  * "/Users/k44/.rbenv/versions/2.5.1/lib/ruby/gems/2.5.0/gems/devise-4.6.1/app/views"
):
    1: .wrapper
    2: 
    3:   = render 'shared/side_bar'
  
app/views/groups/index.html.haml:3:in `_app_views_groups_index_html_haml__3552288923180766686_70221620478540'
Started GET "/" for 127.0.0.1 at 2019-03-02 21:44:12 +0900
Processing by GroupsController#index as HTML
  [1m[36mUser Load (0.5ms)[0m  [1m[34mSELECT  `users`.* FROM `users` WHERE `users`.`id` = 1 ORDER BY `users`.`id` ASC LIMIT 1[0m
  â†³ /Users/k44/.rbenv/versions/2.5.1/lib/ruby/gems/2.5.0/gems/activerecord-5.2.2/lib/active_record/log_subscriber.rb:98
  Rendering groups/index.html.haml within layouts/application
  Rendered groups/index.html.haml within layouts/application (12.5ms)
Completed 500 Internal Server Error in 29ms (ActiveRecord: 0.5ms)


  
ActionView::Template::Error (Missing partial shared/_side_bar with {:locale=>[:ja], :formats=>[:html], :variants=>[], :handlers=>[:raw, :erb, :html, :builder, :ruby, :coffee, :jbuilder, :haml]}. Searched in:
  * "/Users/k44/projects/chat-space2/app/views"
  * "/Users/k44/.rbenv/versions/2.5.1/lib/ruby/gems/2.5.0/gems/kaminari-core-1.1.1/app/views"
  * "/Users/k44/.rbenv/versions/2.5.1/lib/ruby/gems/2.5.0/gems/devise-4.6.1/app/views"
):
    1: .side-bar
    2: 
    3:   = render 'shared/side_bar'
  
app/views/groups/index.html.haml:3:in `_app_views_groups_index_html_haml__3552288923180766686_70221595018960'
Started GET "/" for 127.0.0.1 at 2019-03-02 21:44:23 +0900
Processing by GroupsController#index as HTML
  [1m[36mUser Load (0.4ms)[0m  [1m[34mSELECT  `users`.* FROM `users` WHERE `users`.`id` = 1 ORDER BY `users`.`id` ASC LIMIT 1[0m
  â†³ /Users/k44/.rbenv/versions/2.5.1/lib/ruby/gems/2.5.0/gems/activerecord-5.2.2/lib/active_record/log_subscriber.rb:98
  Rendering groups/index.html.haml within layouts/application
  Rendered devise/shared/_side_bar.html.haml (7.6ms)
  Rendered groups/index.html.haml within layouts/application (12.6ms)
Completed 500 Internal Server Error in 30ms (ActiveRecord: 0.4ms)


  
ActionView::Template::Error (No route matches {:action=>"edit", :controller=>"users"}, missing required keys: [:id]):
     7:         = link_to new_group_path do
     8:           = fa_icon 'pencil-square-o', class: 'icon'
     9:       %li.list
    10:         = link_to edit_user_path do
    11:           = fa_icon 'cog', class: 'icon'
    12:   .groups
    13:     - current_user.groups.each do |group|
  
app/views/devise/shared/_side_bar.html.haml:10:in `_app_views_devise_shared__side_bar_html_haml__3995040411779438193_70221638011360'
app/views/groups/index.html.haml:3:in `_app_views_groups_index_html_haml__3552288923180766686_70221641635740'
Started GET "/" for 127.0.0.1 at 2019-03-02 21:46:12 +0900
Processing by GroupsController#index as HTML
  [1m[36mUser Load (0.7ms)[0m  [1m[34mSELECT  `users`.* FROM `users` WHERE `users`.`id` = 1 ORDER BY `users`.`id` ASC LIMIT 1[0m
  â†³ /Users/k44/.rbenv/versions/2.5.1/lib/ruby/gems/2.5.0/gems/activerecord-5.2.2/lib/active_record/log_subscriber.rb:98
  Rendering groups/index.html.haml within layouts/application
  [1m[36mGroup Load (0.4ms)[0m  [1m[34mSELECT `groups`.* FROM `groups` INNER JOIN `group_users` ON `groups`.`id` = `group_users`.`group_id` WHERE `group_users`.`user_id` = 1[0m
  â†³ app/views/devise/shared/_side_bar.html.haml:13
  Rendered devise/shared/_side_bar.html.haml (82.0ms)
  Rendered groups/index.html.haml within layouts/application (86.9ms)
  Rendered layouts/_notifications.html.haml (1.7ms)
Completed 200 OK in 125ms (Views: 112.3ms | ActiveRecord: 6.9ms)


Started GET "/" for 127.0.0.1 at 2019-03-02 21:48:19 +0900
Processing by GroupsController#index as HTML
  [1m[36mUser Load (0.5ms)[0m  [1m[34mSELECT  `users`.* FROM `users` WHERE `users`.`id` = 1 ORDER BY `users`.`id` ASC LIMIT 1[0m
  â†³ /Users/k44/.rbenv/versions/2.5.1/lib/ruby/gems/2.5.0/gems/activerecord-5.2.2/lib/active_record/log_subscriber.rb:98
  Rendering groups/index.html.haml within layouts/application
  [1m[36mGroup Load (0.4ms)[0m  [1m[34mSELECT `groups`.* FROM `groups` INNER JOIN `group_users` ON `groups`.`id` = `group_users`.`group_id` WHERE `group_users`.`user_id` = 1[0m
  â†³ app/views/devise/shared/_side_bar.html.haml:13
  Rendered devise/shared/_side_bar.html.haml (5.9ms)
  Rendered groups/index.html.haml within layouts/application (11.0ms)
  Rendered layouts/_notifications.html.haml (1.9ms)
Completed 200 OK in 826ms (Views: 819.9ms | ActiveRecord: 0.9ms)


Started GET "/groups/new" for 127.0.0.1 at 2019-03-02 21:48:22 +0900
Processing by GroupsController#new as HTML
  [1m[36mUser Load (1.2ms)[0m  [1m[34mSELECT  `users`.* FROM `users` WHERE `users`.`id` = 1 ORDER BY `users`.`id` ASC LIMIT 1[0m
  â†³ /Users/k44/.rbenv/versions/2.5.1/lib/ruby/gems/2.5.0/gems/activerecord-5.2.2/lib/active_record/log_subscriber.rb:98
  Rendering groups/new.html.haml within layouts/application
  [1m[36mUser Load (0.3ms)[0m  [1m[34mSELECT `users`.* FROM `users`[0m
  â†³ app/views/groups/_form.html.haml:30
  Rendered groups/_form.html.haml (75.9ms)
  Rendered groups/new.html.haml within layouts/application (79.8ms)
  Rendered layouts/_notifications.html.haml (1.6ms)
Completed 200 OK in 139ms (Views: 108.4ms | ActiveRecord: 2.0ms)


Started GET "/users/1/edit" for 127.0.0.1 at 2019-03-02 21:48:25 +0900
Processing by UsersController#edit as HTML
  Parameters: {"id"=>"1"}
  [1m[36mUser Load (0.5ms)[0m  [1m[34mSELECT  `users`.* FROM `users` WHERE `users`.`id` = 1 ORDER BY `users`.`id` ASC LIMIT 1[0m
  â†³ /Users/k44/.rbenv/versions/2.5.1/lib/ruby/gems/2.5.0/gems/activerecord-5.2.2/lib/active_record/log_subscriber.rb:98
  Rendering users/edit.html.haml within layouts/application
  Rendered users/edit.html.haml within layouts/application (5.5ms)
  Rendered layouts/_notifications.html.haml (1.7ms)
Completed 200 OK in 43ms (Views: 37.6ms | ActiveRecord: 0.5ms)


Started GET "/groups/new" for 127.0.0.1 at 2019-03-02 21:48:29 +0900
Processing by GroupsController#new as HTML
  [1m[36mUser Load (1.2ms)[0m  [1m[34mSELECT  `users`.* FROM `users` WHERE `users`.`id` = 1 ORDER BY `users`.`id` ASC LIMIT 1[0m
  â†³ /Users/k44/.rbenv/versions/2.5.1/lib/ruby/gems/2.5.0/gems/activerecord-5.2.2/lib/active_record/log_subscriber.rb:98
  Rendering groups/new.html.haml within layouts/application
  [1m[36mUser Load (0.4ms)[0m  [1m[34mSELECT `users`.* FROM `users`[0m
  â†³ app/views/groups/_form.html.haml:30
  Rendered groups/_form.html.haml (8.5ms)
  Rendered groups/new.html.haml within layouts/application (12.9ms)
  Rendered layouts/_notifications.html.haml (1.7ms)
Completed 200 OK in 62ms (Views: 49.1ms | ActiveRecord: 1.6ms)


Started POST "/groups" for 127.0.0.1 at 2019-03-02 21:48:34 +0900
Processing by GroupsController#create as HTML
  Parameters: {"utf8"=>"âœ“", "authenticity_token"=>"DxZu0QqbWR2s6L2/Ncrlj96t+2OTJ8Mxh14ZmIsJl9/8I46D5Rkt7ajs4IHahP4Iqa72ZGEV58SMzUzhEhJMwg==", "group"=>{"name"=>"ãããããã", "user_ids"=>["", "1"]}, "commit"=>"ç™»éŒ²ã™ã‚‹"}
  [1m[36mUser Load (0.4ms)[0m  [1m[34mSELECT  `users`.* FROM `users` WHERE `users`.`id` = 1 ORDER BY `users`.`id` ASC LIMIT 1[0m
  â†³ /Users/k44/.rbenv/versions/2.5.1/lib/ruby/gems/2.5.0/gems/activerecord-5.2.2/lib/active_record/log_subscriber.rb:98
  [1m[36mUser Load (0.4ms)[0m  [1m[34mSELECT `users`.* FROM `users` WHERE `users`.`id` = 1[0m
  â†³ app/controllers/groups_controller.rb:13
  [1m[35m (0.3ms)[0m  [1m[35mBEGIN[0m
  â†³ app/controllers/groups_controller.rb:14
  [1m[36mGroup Create (0.4ms)[0m  [1m[32mINSERT INTO `groups` (`name`, `created_at`, `updated_at`) VALUES ('ãããããã', '2019-03-02 12:48:34', '2019-03-02 12:48:34')[0m
  â†³ app/controllers/groups_controller.rb:14
  [1m[36mGroupUser Create (0.4ms)[0m  [1m[32mINSERT INTO `group_users` (`group_id`, `user_id`, `created_at`, `updated_at`) VALUES (1, 1, '2019-03-02 12:48:34', '2019-03-02 12:48:34')[0m
  â†³ app/controllers/groups_controller.rb:14
  [1m[35m (0.9ms)[0m  [1m[35mCOMMIT[0m
  â†³ app/controllers/groups_controller.rb:14
Redirected to http://localhost:3000/
Completed 302 Found in 16ms (ActiveRecord: 2.9ms)


Started GET "/" for 127.0.0.1 at 2019-03-02 21:48:34 +0900
Processing by GroupsController#index as HTML
  [1m[36mUser Load (0.4ms)[0m  [1m[34mSELECT  `users`.* FROM `users` WHERE `users`.`id` = 1 ORDER BY `users`.`id` ASC LIMIT 1[0m
  â†³ /Users/k44/.rbenv/versions/2.5.1/lib/ruby/gems/2.5.0/gems/activerecord-5.2.2/lib/active_record/log_subscriber.rb:98
  Rendering groups/index.html.haml within layouts/application
  [1m[36mGroup Load (0.5ms)[0m  [1m[34mSELECT `groups`.* FROM `groups` INNER JOIN `group_users` ON `groups`.`id` = `group_users`.`group_id` WHERE `group_users`.`user_id` = 1[0m
  â†³ app/views/devise/shared/_side_bar.html.haml:13
  [1m[36mMessage Load (0.3ms)[0m  [1m[34mSELECT  `messages`.* FROM `messages` WHERE `messages`.`group_id` = 1 ORDER BY `messages`.`id` DESC LIMIT 1[0m
  â†³ app/models/group.rb:8
  Rendered devise/shared/_side_bar.html.haml (21.6ms)
  Rendered groups/index.html.haml within layouts/application (25.5ms)
  Rendered layouts/_notifications.html.haml (1.8ms)
Completed 200 OK in 73ms (Views: 64.0ms | ActiveRecord: 5.0ms)


Started GET "/groups/1/messages" for 127.0.0.1 at 2019-03-02 21:48:36 +0900
Processing by MessagesController#index as HTML
  Parameters: {"group_id"=>"1"}
  [1m[36mUser Load (0.4ms)[0m  [1m[34mSELECT  `users`.* FROM `users` WHERE `users`.`id` = 1 ORDER BY `users`.`id` ASC LIMIT 1[0m
  â†³ /Users/k44/.rbenv/versions/2.5.1/lib/ruby/gems/2.5.0/gems/activerecord-5.2.2/lib/active_record/log_subscriber.rb:98
  [1m[36mGroup Load (0.5ms)[0m  [1m[34mSELECT  `groups`.* FROM `groups` WHERE `groups`.`id` = 1 LIMIT 1[0m
  â†³ app/controllers/messages_controller.rb:27
  Rendering messages/index.haml within layouts/application
  Rendered messages/index.haml within layouts/application (1.5ms)
Completed 500 Internal Server Error in 29ms (ActiveRecord: 0.9ms)


  
ActionView::Template::Error (The line was indented 2 levels deeper than the previous line.):
    4:   .messages
    5:     = render @messages
    6:   .form
    7:       = form_for [@group, @message] do |f|
    8:         = f.text_field :content, class: 'form__message', placeholder: 'type a message'
    9:         .form__mask
   10:           = f.label :image, class: 'form__mask__image' do
  
app/views/messages/index.haml:7
Started GET "/" for 127.0.0.1 at 2019-03-02 21:48:42 +0900
Processing by GroupsController#index as HTML
  [1m[36mUser Load (0.6ms)[0m  [1m[34mSELECT  `users`.* FROM `users` WHERE `users`.`id` = 1 ORDER BY `users`.`id` ASC LIMIT 1[0m
  â†³ /Users/k44/.rbenv/versions/2.5.1/lib/ruby/gems/2.5.0/gems/activerecord-5.2.2/lib/active_record/log_subscriber.rb:98
  Rendering groups/index.html.haml within layouts/application
  [1m[36mGroup Load (0.4ms)[0m  [1m[34mSELECT `groups`.* FROM `groups` INNER JOIN `group_users` ON `groups`.`id` = `group_users`.`group_id` WHERE `group_users`.`user_id` = 1[0m
  â†³ app/views/devise/shared/_side_bar.html.haml:13
  [1m[36mMessage Load (0.4ms)[0m  [1m[34mSELECT  `messages`.* FROM `messages` WHERE `messages`.`group_id` = 1 ORDER BY `messages`.`id` DESC LIMIT 1[0m
  â†³ app/models/group.rb:8
  Rendered devise/shared/_side_bar.html.haml (10.1ms)
  Rendered groups/index.html.haml within layouts/application (14.7ms)
  Rendered layouts/_notifications.html.haml (1.5ms)
Completed 200 OK in 58ms (Views: 49.6ms | ActiveRecord: 1.4ms)


Started GET "/groups/1/messages" for 127.0.0.1 at 2019-03-02 21:48:46 +0900
Processing by MessagesController#index as HTML
  Parameters: {"group_id"=>"1"}
  [1m[36mUser Load (1.5ms)[0m  [1m[34mSELECT  `users`.* FROM `users` WHERE `users`.`id` = 1 ORDER BY `users`.`id` ASC LIMIT 1[0m
  â†³ /Users/k44/.rbenv/versions/2.5.1/lib/ruby/gems/2.5.0/gems/activerecord-5.2.2/lib/active_record/log_subscriber.rb:98
  [1m[36mGroup Load (2.2ms)[0m  [1m[34mSELECT  `groups`.* FROM `groups` WHERE `groups`.`id` = 1 LIMIT 1[0m
  â†³ app/controllers/messages_controller.rb:27
  Rendering messages/index.haml within layouts/application
  Rendered messages/index.haml within layouts/application (1.9ms)
Completed 500 Internal Server Error in 31ms (ActiveRecord: 3.7ms)


  
ActionView::Template::Error (The line was indented 2 levels deeper than the previous line.):
    4:   .messages
    5:     = render @messages
    6:   .form
    7:       = form_for [@group, @message] do |f|
    8:         = f.text_field :content, class: 'form__message', placeholder: 'type a message'
    9:         .form__mask
   10:           = f.label :image, class: 'form__mask__image' do
  
app/views/messages/index.haml:7
Started GET "/groups/1/messages" for 127.0.0.1 at 2019-03-02 21:49:20 +0900
Processing by MessagesController#index as HTML
  Parameters: {"group_id"=>"1"}
  [1m[36mUser Load (0.5ms)[0m  [1m[34mSELECT  `users`.* FROM `users` WHERE `users`.`id` = 1 ORDER BY `users`.`id` ASC LIMIT 1[0m
  â†³ /Users/k44/.rbenv/versions/2.5.1/lib/ruby/gems/2.5.0/gems/activerecord-5.2.2/lib/active_record/log_subscriber.rb:98
  [1m[36mGroup Load (0.4ms)[0m  [1m[34mSELECT  `groups`.* FROM `groups` WHERE `groups`.`id` = 1 LIMIT 1[0m
  â†³ app/controllers/messages_controller.rb:27
  Rendering messages/index.haml within layouts/application
  [1m[36mGroup Load (0.5ms)[0m  [1m[34mSELECT `groups`.* FROM `groups` INNER JOIN `group_users` ON `groups`.`id` = `group_users`.`group_id` WHERE `group_users`.`user_id` = 1[0m
  â†³ app/views/devise/shared/_side_bar.html.haml:13
  [1m[36mMessage Load (0.3ms)[0m  [1m[34mSELECT  `messages`.* FROM `messages` WHERE `messages`.`group_id` = 1 ORDER BY `messages`.`id` DESC LIMIT 1[0m
  â†³ app/models/group.rb:8
  Rendered devise/shared/_side_bar.html.haml (8.1ms)
  [1m[36mMessage Load (0.2ms)[0m  [1m[34mSELECT `messages`.* FROM `messages` WHERE `messages`.`group_id` = 1[0m
  â†³ app/views/messages/index.haml:5
  Rendered collection of templates [0 times] (0.0ms)
  Rendered messages/index.haml within layouts/application (32.4ms)
  Rendered layouts/_notifications.html.haml (2.0ms)
Completed 200 OK in 73ms (Views: 65.4ms | ActiveRecord: 1.8ms)


Started GET "/groups/1/messages" for 127.0.0.1 at 2019-03-02 21:49:22 +0900
Processing by MessagesController#index as HTML
  Parameters: {"group_id"=>"1"}
  [1m[36mUser Load (0.5ms)[0m  [1m[34mSELECT  `users`.* FROM `users` WHERE `users`.`id` = 1 ORDER BY `users`.`id` ASC LIMIT 1[0m
  â†³ /Users/k44/.rbenv/versions/2.5.1/lib/ruby/gems/2.5.0/gems/activerecord-5.2.2/lib/active_record/log_subscriber.rb:98
  [1m[36mGroup Load (3.7ms)[0m  [1m[34mSELECT  `groups`.* FROM `groups` WHERE `groups`.`id` = 1 LIMIT 1[0m
  â†³ app/controllers/messages_controller.rb:27
  Rendering messages/index.haml within layouts/application
  [1m[36mGroup Load (0.5ms)[0m  [1m[34mSELECT `groups`.* FROM `groups` INNER JOIN `group_users` ON `groups`.`id` = `group_users`.`group_id` WHERE `group_users`.`user_id` = 1[0m
  â†³ app/views/devise/shared/_side_bar.html.haml:13
  [1m[36mMessage Load (0.3ms)[0m  [1m[34mSELECT  `messages`.* FROM `messages` WHERE `messages`.`group_id` = 1 ORDER BY `messages`.`id` DESC LIMIT 1[0m
  â†³ app/models/group.rb:8
  Rendered devise/shared/_side_bar.html.haml (7.5ms)
  [1m[36mMessage Load (0.3ms)[0m  [1m[34mSELECT `messages`.* FROM `messages` WHERE `messages`.`group_id` = 1[0m
  â†³ app/views/messages/index.haml:5
  Rendered collection of templates [0 times] (0.0ms)
  Rendered messages/index.haml within layouts/application (14.9ms)
  Rendered layouts/_notifications.html.haml (2.0ms)
Completed 200 OK in 60ms (Views: 46.2ms | ActiveRecord: 5.3ms)


Started GET "/groups/1/messages" for 127.0.0.1 at 2019-03-02 21:49:24 +0900
Processing by MessagesController#index as HTML
  Parameters: {"group_id"=>"1"}
  [1m[36mUser Load (6.8ms)[0m  [1m[34mSELECT  `users`.* FROM `users` WHERE `users`.`id` = 1 ORDER BY `users`.`id` ASC LIMIT 1[0m
  â†³ /Users/k44/.rbenv/versions/2.5.1/lib/ruby/gems/2.5.0/gems/activerecord-5.2.2/lib/active_record/log_subscriber.rb:98
  [1m[36mGroup Load (0.5ms)[0m  [1m[34mSELECT  `groups`.* FROM `groups` WHERE `groups`.`id` = 1 LIMIT 1[0m
  â†³ app/controllers/messages_controller.rb:27
  Rendering messages/index.haml within layouts/application
  [1m[36mGroup Load (0.5ms)[0m  [1m[34mSELECT `groups`.* FROM `groups` INNER JOIN `group_users` ON `groups`.`id` = `group_users`.`group_id` WHERE `group_users`.`user_id` = 1[0m
  â†³ app/views/devise/shared/_side_bar.html.haml:13
  [1m[36mMessage Load (0.4ms)[0m  [1m[34mSELECT  `messages`.* FROM `messages` WHERE `messages`.`group_id` = 1 ORDER BY `messages`.`id` DESC LIMIT 1[0m
  â†³ app/models/group.rb:8
  Rendered devise/shared/_side_bar.html.haml (7.8ms)
  [1m[36mMessage Load (0.3ms)[0m  [1m[34mSELECT `messages`.* FROM `messages` WHERE `messages`.`group_id` = 1[0m
  â†³ app/views/messages/index.haml:5
  Rendered collection of templates [0 times] (0.0ms)
  Rendered messages/index.haml within layouts/application (15.6ms)
  Rendered layouts/_notifications.html.haml (1.8ms)
Completed 200 OK in 64ms (Views: 48.3ms | ActiveRecord: 8.3ms)


Started GET "/groups/1/messages" for 127.0.0.1 at 2019-03-02 21:49:25 +0900
Processing by MessagesController#index as HTML
  Parameters: {"group_id"=>"1"}
  [1m[36mUser Load (1.0ms)[0m  [1m[34mSELECT  `users`.* FROM `users` WHERE `users`.`id` = 1 ORDER BY `users`.`id` ASC LIMIT 1[0m
  â†³ /Users/k44/.rbenv/versions/2.5.1/lib/ruby/gems/2.5.0/gems/activerecord-5.2.2/lib/active_record/log_subscriber.rb:98
  [1m[36mGroup Load (4.0ms)[0m  [1m[34mSELECT  `groups`.* FROM `groups` WHERE `groups`.`id` = 1 LIMIT 1[0m
  â†³ app/controllers/messages_controller.rb:27
  Rendering messages/index.haml within layouts/application
  [1m[36mGroup Load (0.4ms)[0m  [1m[34mSELECT `groups`.* FROM `groups` INNER JOIN `group_users` ON `groups`.`id` = `group_users`.`group_id` WHERE `group_users`.`user_id` = 1[0m
  â†³ app/views/devise/shared/_side_bar.html.haml:13
  [1m[36mMessage Load (0.3ms)[0m  [1m[34mSELECT  `messages`.* FROM `messages` WHERE `messages`.`group_id` = 1 ORDER BY `messages`.`id` DESC LIMIT 1[0m
  â†³ app/models/group.rb:8
  Rendered devise/shared/_side_bar.html.haml (8.7ms)
  [1m[36mMessage Load (0.3ms)[0m  [1m[34mSELECT `messages`.* FROM `messages` WHERE `messages`.`group_id` = 1[0m
  â†³ app/views/messages/index.haml:5
  Rendered collection of templates [0 times] (0.0ms)
  Rendered messages/index.haml within layouts/application (16.8ms)
  Rendered layouts/_notifications.html.haml (1.9ms)
Completed 200 OK in 64ms (Views: 48.2ms | ActiveRecord: 6.0ms)


Started GET "/groups/1/messages" for 127.0.0.1 at 2019-03-02 21:49:26 +0900
Processing by MessagesController#index as HTML
  Parameters: {"group_id"=>"1"}
  [1m[36mUser Load (0.7ms)[0m  [1m[34mSELECT  `users`.* FROM `users` WHERE `users`.`id` = 1 ORDER BY `users`.`id` ASC LIMIT 1[0m
  â†³ /Users/k44/.rbenv/versions/2.5.1/lib/ruby/gems/2.5.0/gems/activerecord-5.2.2/lib/active_record/log_subscriber.rb:98
  [1m[36mGroup Load (6.8ms)[0m  [1m[34mSELECT  `groups`.* FROM `groups` WHERE `groups`.`id` = 1 LIMIT 1[0m
  â†³ app/controllers/messages_controller.rb:27
  Rendering messages/index.haml within layouts/application
  [1m[36mGroup Load (0.5ms)[0m  [1m[34mSELECT `groups`.* FROM `groups` INNER JOIN `group_users` ON `groups`.`id` = `group_users`.`group_id` WHERE `group_users`.`user_id` = 1[0m
  â†³ app/views/devise/shared/_side_bar.html.haml:13
  [1m[36mMessage Load (0.3ms)[0m  [1m[34mSELECT  `messages`.* FROM `messages` WHERE `messages`.`group_id` = 1 ORDER BY `messages`.`id` DESC LIMIT 1[0m
  â†³ app/models/group.rb:8
  Rendered devise/shared/_side_bar.html.haml (8.8ms)
  [1m[36mMessage Load (0.3ms)[0m  [1m[34mSELECT `messages`.* FROM `messages` WHERE `messages`.`group_id` = 1[0m
  â†³ app/views/messages/index.haml:5
  Rendered collection of templates [0 times] (0.0ms)
  Rendered messages/index.haml within layouts/application (16.2ms)
  Rendered layouts/_notifications.html.haml (2.7ms)
Completed 200 OK in 71ms (Views: 54.7ms | ActiveRecord: 8.5ms)


Started GET "/groups/1/messages" for 127.0.0.1 at 2019-03-02 21:49:26 +0900
Processing by MessagesController#index as HTML
  Parameters: {"group_id"=>"1"}
  [1m[36mUser Load (0.6ms)[0m  [1m[34mSELECT  `users`.* FROM `users` WHERE `users`.`id` = 1 ORDER BY `users`.`id` ASC LIMIT 1[0m
  â†³ /Users/k44/.rbenv/versions/2.5.1/lib/ruby/gems/2.5.0/gems/activerecord-5.2.2/lib/active_record/log_subscriber.rb:98
  [1m[36mGroup Load (1.5ms)[0m  [1m[34mSELECT  `groups`.* FROM `groups` WHERE `groups`.`id` = 1 LIMIT 1[0m
  â†³ app/controllers/messages_controller.rb:27
  Rendering messages/index.haml within layouts/application
  [1m[36mGroup Load (0.5ms)[0m  [1m[34mSELECT `groups`.* FROM `groups` INNER JOIN `group_users` ON `groups`.`id` = `group_users`.`group_id` WHERE `group_users`.`user_id` = 1[0m
  â†³ app/views/devise/shared/_side_bar.html.haml:13
  [1m[36mMessage Load (0.4ms)[0m  [1m[34mSELECT  `messages`.* FROM `messages` WHERE `messages`.`group_id` = 1 ORDER BY `messages`.`id` DESC LIMIT 1[0m
  â†³ app/models/group.rb:8
  Rendered devise/shared/_side_bar.html.haml (9.3ms)
  [1m[36mMessage Load (0.4ms)[0m  [1m[34mSELECT `messages`.* FROM `messages` WHERE `messages`.`group_id` = 1[0m
  â†³ app/views/messages/index.haml:5
  Rendered collection of templates [0 times] (0.0ms)
  Rendered messages/index.haml within layouts/application (17.4ms)
  Rendered layouts/_notifications.html.haml (1.8ms)
Completed 200 OK in 64ms (Views: 52.1ms | ActiveRecord: 3.3ms)


Started GET "/groups/1/messages" for 127.0.0.1 at 2019-03-02 21:49:27 +0900
Processing by MessagesController#index as HTML
  Parameters: {"group_id"=>"1"}
  [1m[36mUser Load (1.4ms)[0m  [1m[34mSELECT  `users`.* FROM `users` WHERE `users`.`id` = 1 ORDER BY `users`.`id` ASC LIMIT 1[0m
  â†³ /Users/k44/.rbenv/versions/2.5.1/lib/ruby/gems/2.5.0/gems/activerecord-5.2.2/lib/active_record/log_subscriber.rb:98
  [1m[36mGroup Load (6.3ms)[0m  [1m[34mSELECT  `groups`.* FROM `groups` WHERE `groups`.`id` = 1 LIMIT 1[0m
  â†³ app/controllers/messages_controller.rb:27
  Rendering messages/index.haml within layouts/application
  [1m[36mGroup Load (0.5ms)[0m  [1m[34mSELECT `groups`.* FROM `groups` INNER JOIN `group_users` ON `groups`.`id` = `group_users`.`group_id` WHERE `group_users`.`user_id` = 1[0m
  â†³ app/views/devise/shared/_side_bar.html.haml:13
  [1m[36mMessage Load (0.4ms)[0m  [1m[34mSELECT  `messages`.* FROM `messages` WHERE `messages`.`group_id` = 1 ORDER BY `messages`.`id` DESC LIMIT 1[0m
  â†³ app/models/group.rb:8
  Rendered devise/shared/_side_bar.html.haml (9.3ms)
  [1m[36mMessage Load (0.3ms)[0m  [1m[34mSELECT `messages`.* FROM `messages` WHERE `messages`.`group_id` = 1[0m
  â†³ app/views/messages/index.haml:5
  Rendered collection of templates [0 times] (0.0ms)
  Rendered messages/index.haml within layouts/application (18.5ms)
  Rendered layouts/_notifications.html.haml (2.0ms)
Completed 200 OK in 70ms (Views: 52.9ms | ActiveRecord: 8.9ms)


Started GET "/groups/1/messages" for 127.0.0.1 at 2019-03-02 21:49:27 +0900
Processing by MessagesController#index as HTML
  Parameters: {"group_id"=>"1"}
  [1m[36mUser Load (2.1ms)[0m  [1m[34mSELECT  `users`.* FROM `users` WHERE `users`.`id` = 1 ORDER BY `users`.`id` ASC LIMIT 1[0m
  â†³ /Users/k44/.rbenv/versions/2.5.1/lib/ruby/gems/2.5.0/gems/activerecord-5.2.2/lib/active_record/log_subscriber.rb:98
  [1m[36mGroup Load (3.1ms)[0m  [1m[34mSELECT  `groups`.* FROM `groups` WHERE `groups`.`id` = 1 LIMIT 1[0m
  â†³ app/controllers/messages_controller.rb:27
  Rendering messages/index.haml within layouts/application
  [1m[36mGroup Load (0.5ms)[0m  [1m[34mSELECT `groups`.* FROM `groups` INNER JOIN `group_users` ON `groups`.`id` = `group_users`.`group_id` WHERE `group_users`.`user_id` = 1[0m
  â†³ app/views/devise/shared/_side_bar.html.haml:13
  [1m[36mMessage Load (0.6ms)[0m  [1m[34mSELECT  `messages`.* FROM `messages` WHERE `messages`.`group_id` = 1 ORDER BY `messages`.`id` DESC LIMIT 1[0m
  â†³ app/models/group.rb:8
  Rendered devise/shared/_side_bar.html.haml (10.4ms)
  [1m[36mMessage Load (0.3ms)[0m  [1m[34mSELECT `messages`.* FROM `messages` WHERE `messages`.`group_id` = 1[0m
  â†³ app/views/messages/index.haml:5
  Rendered collection of templates [0 times] (0.0ms)
  Rendered messages/index.haml within layouts/application (17.8ms)
  Rendered layouts/_notifications.html.haml (1.8ms)
Completed 200 OK in 66ms (Views: 51.7ms | ActiveRecord: 6.6ms)


Started GET "/groups/1/messages" for 127.0.0.1 at 2019-03-02 21:54:59 +0900
  [1m[35m (0.3ms)[0m  [1m[35mSET NAMES utf8,  @@SESSION.sql_mode = CONCAT(CONCAT(@@sql_mode, ',STRICT_ALL_TABLES'), ',NO_AUTO_VALUE_ON_ZERO'),  @@SESSION.sql_auto_is_null = 0, @@SESSION.wait_timeout = 2147483[0m
  â†³ /Users/k44/.rbenv/versions/2.5.1/lib/ruby/gems/2.5.0/gems/activerecord-5.2.2/lib/active_record/log_subscriber.rb:98
Processing by MessagesController#index as HTML
  Parameters: {"group_id"=>"1"}
  [1m[36mUser Load (0.4ms)[0m  [1m[34mSELECT  `users`.* FROM `users` WHERE `users`.`id` = 1 ORDER BY `users`.`id` ASC LIMIT 1[0m
  â†³ /Users/k44/.rbenv/versions/2.5.1/lib/ruby/gems/2.5.0/gems/activerecord-5.2.2/lib/active_record/log_subscriber.rb:98
  [1m[36mGroup Load (0.4ms)[0m  [1m[34mSELECT  `groups`.* FROM `groups` WHERE `groups`.`id` = 1 LIMIT 1[0m
  â†³ app/controllers/messages_controller.rb:27
  Rendering messages/index.haml within layouts/application
  [1m[36mGroup Load (0.5ms)[0m  [1m[34mSELECT `groups`.* FROM `groups` INNER JOIN `group_users` ON `groups`.`id` = `group_users`.`group_id` WHERE `group_users`.`user_id` = 1[0m
  â†³ app/views/devise/shared/_side_bar.html.haml:13
  [1m[36mMessage Load (0.3ms)[0m  [1m[34mSELECT  `messages`.* FROM `messages` WHERE `messages`.`group_id` = 1 ORDER BY `messages`.`id` DESC LIMIT 1[0m
  â†³ app/models/group.rb:8
  Rendered devise/shared/_side_bar.html.haml (11.1ms)
  [1m[36mMessage Load (0.3ms)[0m  [1m[34mSELECT `messages`.* FROM `messages` WHERE `messages`.`group_id` = 1[0m
  â†³ app/views/messages/index.haml:12
  Rendered collection of templates [0 times] (0.0ms)
  Rendered messages/index.haml within layouts/application (19.4ms)
  Rendered layouts/_notifications.html.haml (2.1ms)
Completed 200 OK in 76ms (Views: 60.4ms | ActiveRecord: 8.3ms)


Started GET "/groups/1/messages" for 127.0.0.1 at 2019-03-02 21:55:02 +0900
Processing by MessagesController#index as HTML
  Parameters: {"group_id"=>"1"}
  [1m[36mUser Load (1.1ms)[0m  [1m[34mSELECT  `users`.* FROM `users` WHERE `users`.`id` = 1 ORDER BY `users`.`id` ASC LIMIT 1[0m
  â†³ /Users/k44/.rbenv/versions/2.5.1/lib/ruby/gems/2.5.0/gems/activerecord-5.2.2/lib/active_record/log_subscriber.rb:98
  [1m[36mGroup Load (2.0ms)[0m  [1m[34mSELECT  `groups`.* FROM `groups` WHERE `groups`.`id` = 1 LIMIT 1[0m
  â†³ app/controllers/messages_controller.rb:27
  Rendering messages/index.haml within layouts/application
  [1m[36mGroup Load (0.5ms)[0m  [1m[34mSELECT `groups`.* FROM `groups` INNER JOIN `group_users` ON `groups`.`id` = `group_users`.`group_id` WHERE `group_users`.`user_id` = 1[0m
  â†³ app/views/devise/shared/_side_bar.html.haml:13
  [1m[36mMessage Load (0.5ms)[0m  [1m[34mSELECT  `messages`.* FROM `messages` WHERE `messages`.`group_id` = 1 ORDER BY `messages`.`id` DESC LIMIT 1[0m
  â†³ app/models/group.rb:8
  Rendered devise/shared/_side_bar.html.haml (8.9ms)
  [1m[36mMessage Load (0.3ms)[0m  [1m[34mSELECT `messages`.* FROM `messages` WHERE `messages`.`group_id` = 1[0m
  â†³ app/views/messages/index.haml:12
  Rendered collection of templates [0 times] (0.0ms)
  Rendered messages/index.haml within layouts/application (17.5ms)
  Rendered layouts/_notifications.html.haml (1.9ms)
Completed 200 OK in 62ms (Views: 50.0ms | ActiveRecord: 4.4ms)


Started GET "/groups/1/messages" for 127.0.0.1 at 2019-03-02 21:55:02 +0900
Processing by MessagesController#index as HTML
  Parameters: {"group_id"=>"1"}
  [1m[36mUser Load (8.6ms)[0m  [1m[34mSELECT  `users`.* FROM `users` WHERE `users`.`id` = 1 ORDER BY `users`.`id` ASC LIMIT 1[0m
  â†³ /Users/k44/.rbenv/versions/2.5.1/lib/ruby/gems/2.5.0/gems/activerecord-5.2.2/lib/active_record/log_subscriber.rb:98
  [1m[36mGroup Load (0.5ms)[0m  [1m[34mSELECT  `groups`.* FROM `groups` WHERE `groups`.`id` = 1 LIMIT 1[0m
  â†³ app/controllers/messages_controller.rb:27
  Rendering messages/index.haml within layouts/application
  [1m[36mGroup Load (0.6ms)[0m  [1m[34mSELECT `groups`.* FROM `groups` INNER JOIN `group_users` ON `groups`.`id` = `group_users`.`group_id` WHERE `group_users`.`user_id` = 1[0m
  â†³ app/views/devise/shared/_side_bar.html.haml:13
  [1m[36mMessage Load (0.3ms)[0m  [1m[34mSELECT  `messages`.* FROM `messages` WHERE `messages`.`group_id` = 1 ORDER BY `messages`.`id` DESC LIMIT 1[0m
  â†³ app/models/group.rb:8
  Rendered devise/shared/_side_bar.html.haml (7.8ms)
  [1m[36mMessage Load (0.3ms)[0m  [1m[34mSELECT `messages`.* FROM `messages` WHERE `messages`.`group_id` = 1[0m
  â†³ app/views/messages/index.haml:12
  Rendered collection of templates [0 times] (0.0ms)
  Rendered messages/index.haml within layouts/application (16.8ms)
  Rendered layouts/_notifications.html.haml (1.8ms)
Completed 200 OK in 65ms (Views: 48.2ms | ActiveRecord: 10.2ms)


Started GET "/groups/1/messages" for 127.0.0.1 at 2019-03-02 21:55:02 +0900
Processing by MessagesController#index as HTML
  Parameters: {"group_id"=>"1"}
  [1m[36mUser Load (3.0ms)[0m  [1m[34mSELECT  `users`.* FROM `users` WHERE `users`.`id` = 1 ORDER BY `users`.`id` ASC LIMIT 1[0m
  â†³ /Users/k44/.rbenv/versions/2.5.1/lib/ruby/gems/2.5.0/gems/activerecord-5.2.2/lib/active_record/log_subscriber.rb:98
  [1m[36mGroup Load (3.7ms)[0m  [1m[34mSELECT  `groups`.* FROM `groups` WHERE `groups`.`id` = 1 LIMIT 1[0m
  â†³ app/controllers/messages_controller.rb:27
  Rendering messages/index.haml within layouts/application
  [1m[36mGroup Load (0.5ms)[0m  [1m[34mSELECT `groups`.* FROM `groups` INNER JOIN `group_users` ON `groups`.`id` = `group_users`.`group_id` WHERE `group_users`.`user_id` = 1[0m
  â†³ app/views/devise/shared/_side_bar.html.haml:13
  [1m[36mMessage Load (0.3ms)[0m  [1m[34mSELECT  `messages`.* FROM `messages` WHERE `messages`.`group_id` = 1 ORDER BY `messages`.`id` DESC LIMIT 1[0m
  â†³ app/models/group.rb:8
  Rendered devise/shared/_side_bar.html.haml (8.3ms)
  [1m[36mMessage Load (0.3ms)[0m  [1m[34mSELECT `messages`.* FROM `messages` WHERE `messages`.`group_id` = 1[0m
  â†³ app/views/messages/index.haml:12
  Rendered collection of templates [0 times] (0.0ms)
  Rendered messages/index.haml within layouts/application (17.9ms)
  Rendered layouts/_notifications.html.haml (1.8ms)
Completed 200 OK in 67ms (Views: 49.5ms | ActiveRecord: 7.7ms)


